0 verbose cli C:\Program Files\nodejs\node.exe C:\Users\andro\AppData\Roaming\npm\node_modules\npm\bin\npm-cli.js
1 info using npm@10.7.0
2 info using node@v20.12.2
3 silly config:load:file:C:\Users\andro\AppData\Roaming\npm\node_modules\npm\npmrc
4 silly config:load:file:C:\Users\andro\AppData\Local\Temp\exhort_DgxtgB\.npmrc
5 silly config:load:file:C:\Users\andro\.npmrc
6 silly config:load:file:C:\Users\andro\AppData\Local\Temp\exhort_DgxtgB\etc\npmrc
7 verbose title npm i
8 verbose argv "i" "--package-lock-only" "--prefix" "C:\\Users\\andro\\AppData\\Local\\Temp\\exhort_DgxtgB"
9 verbose logfile logs-max:10 dir:c:\Users\andro\Documents\PROJECT-INTEGRADOR\SERVICE-EDUCACION-MIGUE\npm-cache\_logs\2024-07-14T11_49_31_126Z-
10 verbose logfile c:\Users\andro\Documents\PROJECT-INTEGRADOR\SERVICE-EDUCACION-MIGUE\npm-cache\_logs\2024-07-14T11_49_31_126Z-debug-0.log
11 silly logfile start cleaning logs, removing 4 files
12 silly idealTree buildDeps
13 silly fetch manifest amqplib@^0.10.4
14 silly logfile done cleaning log files
15 http fetch GET 200 https://registry.npmjs.org/amqplib 12ms (cache hit)
16 silly fetch manifest aws-sdk@^2.1646.0
17 http fetch GET 200 https://registry.npmjs.org/aws-sdk 22ms (cache hit)
18 silly fetch manifest dotenv@^16.4.5
19 http fetch GET 200 https://registry.npmjs.org/dotenv 6ms (cache hit)
20 silly fetch manifest express@^4.19.2
21 http fetch GET 200 https://registry.npmjs.org/express 10ms (cache hit)
22 silly fetch manifest jsonwebtoken@^9.0.2
23 http fetch GET 200 https://registry.npmjs.org/jsonwebtoken 5ms (cache hit)
24 silly fetch manifest multer@^1.4.5-lts.1
25 http fetch GET 200 https://registry.npmjs.org/multer 3ms (cache hit)
26 silly fetch manifest mysql2@^3.10.1
27 http fetch GET 200 https://registry.npmjs.org/mysql2 4ms (cache hit)
28 silly fetch manifest nodemon@^3.1.4
29 http fetch GET 200 https://registry.npmjs.org/nodemon 5ms (cache hit)
30 silly fetch manifest sequelize@^6.37.3
31 http fetch GET 200 https://registry.npmjs.org/sequelize 11ms (cache hit)
32 silly fetch manifest sequelize-typescript@^2.1.6
33 http fetch GET 200 https://registry.npmjs.org/sequelize-typescript 9ms (cache hit)
34 silly fetch manifest @types/node@^20.14.6
35 http fetch GET 200 https://registry.npmjs.org/@types%2fnode 20ms (cache hit)
36 silly fetch manifest @types/validator@*
37 http fetch GET 200 https://registry.npmjs.org/@types%2fvalidator 10ms (cache hit)
38 silly fetch manifest reflect-metadata@*
39 http fetch GET 200 https://registry.npmjs.org/reflect-metadata 3ms (cache hit)
40 silly fetch manifest uuid@^10.0.0
41 http fetch GET 200 https://registry.npmjs.org/uuid 3ms (cache hit)
42 silly fetch manifest @types/amqplib@^0.10.5
43 http fetch GET 200 https://registry.npmjs.org/@types%2famqplib 3ms (cache hit)
44 silly fetch manifest @types/express@^4.17.21
45 http fetch GET 200 https://registry.npmjs.org/@types%2fexpress 3ms (cache hit)
46 silly fetch manifest @types/jsonwebtoken@^9.0.6
47 http fetch GET 200 https://registry.npmjs.org/@types%2fjsonwebtoken 3ms (cache hit)
48 silly fetch manifest @types/multer@^1.4.11
49 http fetch GET 200 https://registry.npmjs.org/@types%2fmulter 3ms (cache hit)
50 silly fetch manifest @types/sequelize@^4.28.20
51 http fetch GET 200 https://registry.npmjs.org/@types%2fsequelize 3ms (cache hit)
52 silly fetch manifest @types/uuid@^10.0.0
53 http fetch GET 200 https://registry.npmjs.org/@types%2fuuid 2ms (cache hit)
54 silly fetch manifest typescript@^5.5.2
55 http fetch GET 200 https://registry.npmjs.org/typescript 20ms (cache hit)
56 silly placeDep ROOT @types/amqplib@0.10.5 OK for: service-education@1.0.0 want: ^0.10.5
57 silly placeDep ROOT @types/express@4.17.21 OK for: service-education@1.0.0 want: ^4.17.21
58 silly placeDep ROOT @types/jsonwebtoken@9.0.6 OK for: service-education@1.0.0 want: ^9.0.6
59 silly placeDep ROOT @types/multer@1.4.11 OK for: service-education@1.0.0 want: ^1.4.11
60 silly placeDep ROOT @types/node@20.14.10 OK for: service-education@1.0.0 want: ^20.14.6
61 silly placeDep ROOT @types/sequelize@4.28.20 OK for: service-education@1.0.0 want: ^4.28.20
62 silly placeDep ROOT @types/uuid@10.0.0 OK for: service-education@1.0.0 want: ^10.0.0
63 silly placeDep ROOT amqplib@0.10.4 OK for: service-education@1.0.0 want: ^0.10.4
64 silly placeDep ROOT aws-sdk@2.1659.0 OK for: service-education@1.0.0 want: ^2.1646.0
65 silly placeDep ROOT dotenv@16.4.5 OK for: service-education@1.0.0 want: ^16.4.5
66 silly placeDep ROOT express@4.19.2 OK for: service-education@1.0.0 want: ^4.19.2
67 silly placeDep ROOT jsonwebtoken@9.0.2 OK for: service-education@1.0.0 want: ^9.0.2
68 silly placeDep ROOT multer@1.4.5-lts.1 OK for: service-education@1.0.0 want: ^1.4.5-lts.1
69 silly placeDep ROOT mysql2@3.10.2 OK for: service-education@1.0.0 want: ^3.10.1
70 silly placeDep ROOT nodemon@3.1.4 OK for: service-education@1.0.0 want: ^3.1.4
71 silly placeDep ROOT sequelize@6.37.3 OK for: service-education@1.0.0 want: ^6.37.3
72 silly placeDep ROOT sequelize-typescript@2.1.6 OK for: service-education@1.0.0 want: ^2.1.6
73 silly placeDep ROOT @types/validator@13.12.0 OK for: sequelize-typescript@2.1.6 want: *
74 silly placeDep ROOT reflect-metadata@0.2.2 OK for: sequelize-typescript@2.1.6 want: *
75 silly placeDep ROOT service-education@1.0.0 OK for: service-education@1.0.0 want: file:../../../../Documents/PROJECT-INTEGRADOR/SERVICE-EDUCACION-MIGUE
76 silly placeDep ROOT typescript@5.5.3 OK for: service-education@1.0.0 want: ^5.5.2
77 silly placeDep ROOT uuid@10.0.0 OK for: service-education@1.0.0 want: ^10.0.0
78 silly fetch manifest @types/node@*
79 silly fetch manifest @types/qs@*
80 silly fetch manifest @types/body-parser@*
81 silly fetch manifest @types/serve-static@*
82 silly fetch manifest @types/express-serve-static-core@^4.17.33
83 silly fetch manifest undici-types@~5.26.4
84 silly fetch manifest @types/lodash@*
85 silly fetch manifest @types/bluebird@*
86 silly fetch manifest @types/continuation-local-storage@*
87 silly fetch manifest @acuminous/bitsyntax@^0.1.2
88 silly fetch manifest buffer-more-ints@~1.0.0
89 silly fetch manifest readable-stream@1.x >=1.1.9
90 silly fetch manifest url-parse@~1.5.10
91 silly fetch manifest buffer@4.9.2
92 silly fetch manifest events@1.1.1
93 silly fetch manifest ieee754@1.1.13
94 http fetch GET 200 https://registry.npmjs.org/@types%2fbody-parser 34ms (cache hit)
95 silly fetch manifest jmespath@0.16.0
96 http fetch GET 200 https://registry.npmjs.org/@types%2fserve-static 36ms (cache hit)
97 silly fetch manifest querystring@0.2.0
98 http fetch GET 200 https://registry.npmjs.org/undici-types 35ms (cache hit)
99 silly fetch manifest sax@1.2.1
100 http fetch GET 200 https://registry.npmjs.org/@acuminous%2fbitsyntax 34ms (cache hit)
101 silly fetch manifest url@0.10.3
102 http fetch GET 200 https://registry.npmjs.org/@types%2fbluebird 37ms (cache hit)
103 silly fetch manifest util@^0.12.4
104 http fetch GET 200 https://registry.npmjs.org/@types%2fqs 43ms (cache hit)
105 silly fetch manifest uuid@8.0.0
106 silly fetch manifest xml2js@0.6.2
107 http fetch GET 200 https://registry.npmjs.org/@types%2fexpress-serve-static-core 43ms (cache hit)
108 silly fetch manifest qs@6.11.0
109 http fetch GET 200 https://registry.npmjs.org/@types%2flodash 44ms (cache hit)
110 silly fetch manifest depd@2.0.0
111 http fetch GET 200 https://registry.npmjs.org/buffer-more-ints 45ms (cache hit)
112 silly fetch manifest etag@~1.8.1
113 http fetch GET 200 https://registry.npmjs.org/readable-stream 45ms (cache hit)
114 silly fetch manifest send@0.18.0
115 http fetch GET 200 https://registry.npmjs.org/@types%2fcontinuation-local-storage 51ms (cache hit)
116 silly fetch manifest vary@~1.1.2
117 http fetch GET 200 https://registry.npmjs.org/url-parse 49ms (cache hit)
118 silly fetch manifest debug@2.6.9
119 http fetch GET 200 https://registry.npmjs.org/buffer 49ms (cache hit)
120 silly fetch manifest fresh@0.5.2
121 http fetch GET 200 https://registry.npmjs.org/ieee754 50ms (cache hit)
122 silly fetch manifest cookie@0.6.0
123 http fetch GET 200 https://registry.npmjs.org/events 54ms (cache hit)
124 silly fetch manifest accepts@~1.3.8
125 http fetch GET 200 https://registry.npmjs.org/jmespath 49ms (cache hit)
126 silly fetch manifest methods@~1.1.2
127 http fetch GET 200 https://registry.npmjs.org/querystring 48ms (cache hit)
128 silly fetch manifest type-is@~1.6.18
129 http fetch GET 200 https://registry.npmjs.org/util 45ms (cache hit)
130 silly fetch manifest parseurl@~1.3.3
131 http fetch GET 200 https://registry.npmjs.org/sax 49ms (cache hit)
132 silly fetch manifest statuses@2.0.1
133 http fetch GET 200 https://registry.npmjs.org/depd 41ms (cache hit)
134 silly fetch manifest encodeurl@~1.0.2
135 http fetch GET 200 https://registry.npmjs.org/url 51ms (cache hit)
136 silly fetch manifest proxy-addr@~2.0.7
137 http fetch GET 200 https://registry.npmjs.org/xml2js 48ms (cache hit)
138 silly fetch manifest body-parser@1.20.2
139 http fetch GET 200 https://registry.npmjs.org/qs 49ms (cache hit)
140 silly fetch manifest escape-html@~1.0.3
141 http fetch GET 200 https://registry.npmjs.org/etag 49ms (cache hit)
142 silly fetch manifest http-errors@2.0.0
143 http fetch GET 200 https://registry.npmjs.org/send 47ms (cache hit)
144 silly fetch manifest on-finished@2.4.1
145 http fetch GET 200 https://registry.npmjs.org/vary 48ms (cache hit)
146 silly fetch manifest safe-buffer@5.2.1
147 http fetch GET 200 https://registry.npmjs.org/fresh 45ms (cache hit)
148 silly fetch manifest utils-merge@1.0.1
149 http fetch GET 200 https://registry.npmjs.org/debug 49ms (cache hit)
150 silly fetch manifest content-type@~1.0.4
151 http fetch GET 200 https://registry.npmjs.org/cookie 47ms (cache hit)
152 silly fetch manifest finalhandler@1.2.0
153 http fetch GET 200 https://registry.npmjs.org/accepts 49ms (cache hit)
154 silly fetch manifest range-parser@~1.2.1
155 http fetch GET 200 https://registry.npmjs.org/methods 43ms (cache hit)
156 silly fetch manifest serve-static@1.15.0
157 http fetch GET 200 https://registry.npmjs.org/parseurl 41ms (cache hit)
158 silly fetch manifest array-flatten@1.1.1
159 http fetch GET 200 https://registry.npmjs.org/type-is 45ms (cache hit)
160 silly fetch manifest path-to-regexp@0.1.7
161 http fetch GET 200 https://registry.npmjs.org/statuses 43ms (cache hit)
162 silly fetch manifest setprototypeof@1.2.0
163 http fetch GET 200 https://registry.npmjs.org/proxy-addr 41ms (cache hit)
164 silly fetch manifest cookie-signature@1.0.6
165 http fetch GET 200 https://registry.npmjs.org/encodeurl 44ms (cache hit)
166 silly fetch manifest merge-descriptors@1.0.1
167 http fetch GET 200 https://registry.npmjs.org/body-parser 41ms (cache hit)
168 silly fetch manifest content-disposition@0.5.4
169 http fetch GET 200 https://registry.npmjs.org/escape-html 40ms (cache hit)
170 silly fetch manifest jws@^3.2.2
171 http fetch GET 200 https://registry.npmjs.org/http-errors 42ms (cache hit)
172 silly fetch manifest lodash.includes@^4.3.0
173 http fetch GET 200 https://registry.npmjs.org/on-finished 43ms (cache hit)
174 silly fetch manifest lodash.isboolean@^3.0.3
175 http fetch GET 200 https://registry.npmjs.org/safe-buffer 43ms (cache hit)
176 silly fetch manifest lodash.isinteger@^4.0.4
177 http fetch GET 200 https://registry.npmjs.org/utils-merge 44ms (cache hit)
178 silly fetch manifest lodash.isnumber@^3.0.3
179 http fetch GET 200 https://registry.npmjs.org/content-type 43ms (cache hit)
180 silly fetch manifest lodash.isplainobject@^4.0.6
181 http fetch GET 200 https://registry.npmjs.org/finalhandler 42ms (cache hit)
182 silly fetch manifest lodash.isstring@^4.0.1
183 http fetch GET 200 https://registry.npmjs.org/range-parser 38ms (cache hit)
184 silly fetch manifest lodash.once@^4.0.0
185 http fetch GET 200 https://registry.npmjs.org/array-flatten 35ms (cache hit)
186 silly fetch manifest ms@^2.1.1
187 http fetch GET 200 https://registry.npmjs.org/cookie-signature 31ms (cache hit)
188 silly fetch manifest semver@^7.5.4
189 http fetch GET 200 https://registry.npmjs.org/serve-static 38ms (cache hit)
190 silly fetch manifest append-field@^1.0.0
191 http fetch GET 200 https://registry.npmjs.org/path-to-regexp 40ms (cache hit)
192 silly fetch manifest busboy@^1.0.0
193 http fetch GET 200 https://registry.npmjs.org/setprototypeof 41ms (cache hit)
194 silly fetch manifest concat-stream@^1.5.2
195 http fetch GET 200 https://registry.npmjs.org/merge-descriptors 41ms (cache hit)
196 silly fetch manifest mkdirp@^0.5.4
197 http fetch GET 200 https://registry.npmjs.org/content-disposition 40ms (cache hit)
198 silly fetch manifest object-assign@^4.1.1
199 http fetch GET 200 https://registry.npmjs.org/jws 40ms (cache hit)
200 silly fetch manifest type-is@^1.6.4
201 silly fetch manifest xtend@^4.0.0
202 http fetch GET 200 https://registry.npmjs.org/lodash.includes 36ms (cache hit)
203 silly fetch manifest denque@^2.1.0
204 http fetch GET 200 https://registry.npmjs.org/lodash.isboolean 37ms (cache hit)
205 silly fetch manifest generate-function@^2.3.1
206 http fetch GET 200 https://registry.npmjs.org/lodash.isinteger 37ms (cache hit)
207 silly fetch manifest iconv-lite@^0.6.3
208 http fetch GET 200 https://registry.npmjs.org/lodash.isnumber 36ms (cache hit)
209 silly fetch manifest long@^5.2.1
210 http fetch GET 200 https://registry.npmjs.org/lodash.isplainobject 36ms (cache hit)
211 silly fetch manifest lru-cache@^8.0.0
212 http fetch GET 200 https://registry.npmjs.org/lodash.isstring 35ms (cache hit)
213 silly fetch manifest named-placeholders@^1.1.3
214 http fetch GET 200 https://registry.npmjs.org/lodash.once 35ms (cache hit)
215 silly fetch manifest seq-queue@^0.0.5
216 http fetch GET 200 https://registry.npmjs.org/semver 36ms (cache hit)
217 silly fetch manifest sqlstring@^2.3.2
218 http fetch GET 200 https://registry.npmjs.org/ms 40ms (cache hit)
219 silly fetch manifest chokidar@^3.5.2
220 http fetch GET 200 https://registry.npmjs.org/append-field 40ms (cache hit)
221 silly fetch manifest debug@^4
222 silly fetch manifest ignore-by-default@^1.0.1
223 http fetch GET 200 https://registry.npmjs.org/busboy 36ms (cache hit)
224 silly fetch manifest minimatch@^3.1.2
225 http fetch GET 200 https://registry.npmjs.org/concat-stream 37ms (cache hit)
226 silly fetch manifest pstree.remy@^1.1.8
227 http fetch GET 200 https://registry.npmjs.org/mkdirp 37ms (cache hit)
228 silly fetch manifest semver@^7.5.3
229 silly fetch manifest simple-update-notifier@^2.0.0
230 http fetch GET 200 https://registry.npmjs.org/object-assign 38ms (cache hit)
231 silly fetch manifest supports-color@^5.5.0
232 http fetch GET 200 https://registry.npmjs.org/xtend 40ms (cache hit)
233 silly fetch manifest touch@^3.1.0
234 http fetch GET 200 https://registry.npmjs.org/denque 40ms (cache hit)
235 silly fetch manifest undefsafe@^2.0.5
236 http fetch GET 200 https://registry.npmjs.org/generate-function 43ms (cache hit)
237 silly fetch manifest @types/debug@^4.1.8
238 http fetch GET 200 https://registry.npmjs.org/iconv-lite 43ms (cache hit)
239 silly fetch manifest @types/validator@^13.7.17
240 silly fetch manifest debug@^4.3.4
241 silly fetch manifest dottie@^2.0.6
242 http fetch GET 200 https://registry.npmjs.org/long 43ms (cache hit)
243 silly fetch manifest inflection@^1.13.4
244 http fetch GET 200 https://registry.npmjs.org/seq-queue 42ms (cache hit)
245 silly fetch manifest lodash@^4.17.21
246 http fetch GET 200 https://registry.npmjs.org/named-placeholders 44ms (cache hit)
247 silly fetch manifest moment@^2.29.4
248 http fetch GET 200 https://registry.npmjs.org/lru-cache 47ms (cache hit)
249 silly fetch manifest moment-timezone@^0.5.43
250 http fetch GET 200 https://registry.npmjs.org/chokidar 44ms (cache hit)
251 silly fetch manifest pg-connection-string@^2.6.1
252 http fetch GET 200 https://registry.npmjs.org/sqlstring 49ms (cache hit)
253 silly fetch manifest retry-as-promised@^7.0.4
254 http fetch GET 200 https://registry.npmjs.org/ignore-by-default 46ms (cache hit)
255 silly fetch manifest sequelize-pool@^7.1.0
256 http fetch GET 200 https://registry.npmjs.org/minimatch 46ms (cache hit)
257 silly fetch manifest toposort-class@^1.0.1
258 http fetch GET 200 https://registry.npmjs.org/pstree.remy 50ms (cache hit)
259 silly fetch manifest uuid@^8.3.2
260 silly fetch manifest validator@^13.9.0
261 http fetch GET 200 https://registry.npmjs.org/supports-color 51ms (cache hit)
262 silly fetch manifest wkx@^0.5.0
263 http fetch GET 200 https://registry.npmjs.org/simple-update-notifier 54ms (cache hit)
264 silly fetch manifest glob@7.2.0
265 http fetch GET 200 https://registry.npmjs.org/touch 50ms (cache hit)
266 http fetch GET 200 https://registry.npmjs.org/undefsafe 47ms (cache hit)
267 http fetch GET 200 https://registry.npmjs.org/@types%2fdebug 46ms (cache hit)
268 http fetch GET 200 https://registry.npmjs.org/inflection 41ms (cache hit)
269 http fetch GET 200 https://registry.npmjs.org/lodash 42ms (cache hit)
270 http fetch GET 200 https://registry.npmjs.org/dottie 48ms (cache hit)
271 http fetch GET 200 https://registry.npmjs.org/moment-timezone 40ms (cache hit)
272 http fetch GET 200 https://registry.npmjs.org/moment 47ms (cache hit)
273 http fetch GET 200 https://registry.npmjs.org/retry-as-promised 36ms (cache hit)
274 http fetch GET 200 https://registry.npmjs.org/pg-connection-string 39ms (cache hit)
275 http fetch GET 200 https://registry.npmjs.org/sequelize-pool 37ms (cache hit)
276 http fetch GET 200 https://registry.npmjs.org/toposort-class 33ms (cache hit)
277 http fetch GET 200 https://registry.npmjs.org/wkx 27ms (cache hit)
278 http fetch GET 200 https://registry.npmjs.org/validator 33ms (cache hit)
279 http fetch GET 200 https://registry.npmjs.org/glob 30ms (cache hit)
280 silly placeDep ROOT @types/body-parser@1.19.5 OK for: @types/express@4.17.21 want: *
281 silly placeDep ROOT @types/express-serve-static-core@4.19.5 OK for: @types/express@4.17.21 want: ^4.17.33
282 silly placeDep ROOT @types/qs@6.9.15 OK for: @types/express@4.17.21 want: *
283 silly placeDep ROOT @types/serve-static@1.15.7 OK for: @types/express@4.17.21 want: *
284 silly fetch manifest @types/connect@*
285 silly fetch manifest @types/send@*
286 silly fetch manifest @types/range-parser@*
287 silly fetch manifest @types/http-errors@*
288 http fetch GET 200 https://registry.npmjs.org/@types%2fsend 11ms (cache hit)
289 http fetch GET 200 https://registry.npmjs.org/@types%2fconnect 11ms (cache hit)
290 http fetch GET 200 https://registry.npmjs.org/@types%2fhttp-errors 11ms (cache hit)
291 http fetch GET 200 https://registry.npmjs.org/@types%2frange-parser 11ms (cache hit)
292 silly placeDep ROOT @types/connect@3.4.38 OK for: @types/body-parser@1.19.5 want: *
293 silly placeDep ROOT @types/range-parser@1.2.7 OK for: @types/express-serve-static-core@4.19.5 want: *
294 silly placeDep ROOT @types/send@0.17.4 OK for: @types/express-serve-static-core@4.19.5 want: *
295 silly fetch manifest @types/mime@^1
296 http fetch GET 200 https://registry.npmjs.org/@types%2fmime 3ms (cache hit)
297 silly placeDep ROOT undici-types@5.26.5 OK for: @types/node@20.14.10 want: ~5.26.4
298 silly placeDep ROOT @types/mime@1.3.5 OK for: @types/send@0.17.4 want: ^1
299 silly placeDep ROOT @types/bluebird@3.5.42 OK for: @types/sequelize@4.28.20 want: *
300 silly placeDep ROOT @types/continuation-local-storage@3.2.7 OK for: @types/sequelize@4.28.20 want: *
301 silly placeDep ROOT @types/lodash@4.17.6 OK for: @types/sequelize@4.28.20 want: *
302 silly placeDep ROOT @types/http-errors@2.0.4 OK for: @types/serve-static@1.15.7 want: *
303 silly placeDep ROOT @acuminous/bitsyntax@0.1.2 OK for: amqplib@0.10.4 want: ^0.1.2
304 silly placeDep ROOT buffer-more-ints@1.0.0 OK for: amqplib@0.10.4 want: ~1.0.0
305 silly placeDep ROOT readable-stream@1.1.14 OK for: amqplib@0.10.4 want: 1.x >=1.1.9
306 silly placeDep ROOT url-parse@1.5.10 OK for: amqplib@0.10.4 want: ~1.5.10
307 silly fetch manifest safe-buffer@~5.1.2
308 silly fetch manifest core-util-is@~1.0.0
309 silly fetch manifest isarray@0.0.1
310 silly fetch manifest string_decoder@~0.10.x
311 silly fetch manifest inherits@~2.0.1
312 silly fetch manifest querystringify@^2.1.1
313 silly fetch manifest requires-port@^1.0.0
314 http fetch GET 200 https://registry.npmjs.org/isarray 10ms (cache hit)
315 http fetch GET 200 https://registry.npmjs.org/core-util-is 10ms (cache hit)
316 http fetch GET 200 https://registry.npmjs.org/string_decoder 10ms (cache hit)
317 http fetch GET 200 https://registry.npmjs.org/inherits 13ms (cache hit)
318 http fetch GET 200 https://registry.npmjs.org/querystringify 13ms (cache hit)
319 http fetch GET 200 https://registry.npmjs.org/requires-port 14ms (cache hit)
320 silly placeDep ROOT debug@4.3.5 OK for: @acuminous/bitsyntax@0.1.2 want: ^4.3.4
321 silly placeDep ROOT safe-buffer@5.1.2 OK for: @acuminous/bitsyntax@0.1.2 want: ~5.1.2
322 silly fetch manifest ms@2.1.2
323 silly placeDep ROOT buffer@4.9.2 OK for: aws-sdk@2.1659.0 want: 4.9.2
324 silly placeDep ROOT events@1.1.1 OK for: aws-sdk@2.1659.0 want: 1.1.1
325 silly placeDep ROOT ieee754@1.1.13 OK for: aws-sdk@2.1659.0 want: 1.1.13
326 silly placeDep ROOT jmespath@0.16.0 OK for: aws-sdk@2.1659.0 want: 0.16.0
327 silly placeDep ROOT querystring@0.2.0 OK for: aws-sdk@2.1659.0 want: 0.2.0
328 silly placeDep ROOT sax@1.2.1 OK for: aws-sdk@2.1659.0 want: 1.2.1
329 silly placeDep ROOT url@0.10.3 OK for: aws-sdk@2.1659.0 want: 0.10.3
330 silly placeDep ROOT util@0.12.5 OK for: aws-sdk@2.1659.0 want: ^0.12.4
331 silly placeDep node_modules/aws-sdk uuid@8.0.0 OK for: aws-sdk@2.1659.0 want: 8.0.0
332 silly placeDep ROOT xml2js@0.6.2 OK for: aws-sdk@2.1659.0 want: 0.6.2
333 silly fetch manifest base64-js@^1.0.2
334 silly fetch manifest ieee754@^1.1.4
335 silly fetch manifest isarray@^1.0.0
336 silly fetch manifest punycode@1.3.2
337 silly fetch manifest inherits@^2.0.3
338 silly fetch manifest is-arguments@^1.0.4
339 silly fetch manifest is-generator-function@^1.0.7
340 silly fetch manifest is-typed-array@^1.1.3
341 silly fetch manifest which-typed-array@^1.1.2
342 silly fetch manifest xmlbuilder@~11.0.0
343 http fetch GET 200 https://registry.npmjs.org/base64-js 11ms (cache hit)
344 http fetch GET 200 https://registry.npmjs.org/is-generator-function 12ms (cache hit)
345 http fetch GET 200 https://registry.npmjs.org/xmlbuilder 12ms (cache hit)
346 http fetch GET 200 https://registry.npmjs.org/punycode 18ms (cache hit)
347 http fetch GET 200 https://registry.npmjs.org/is-typed-array 17ms (cache hit)
348 http fetch GET 200 https://registry.npmjs.org/is-arguments 22ms (cache hit)
349 http fetch GET 200 https://registry.npmjs.org/which-typed-array 22ms (cache hit)
350 silly placeDep ROOT base64-js@1.5.1 OK for: buffer@4.9.2 want: ^1.0.2
351 silly placeDep ROOT isarray@1.0.0 OK for: buffer@4.9.2 want: ^1.0.0
352 silly placeDep ROOT ms@2.1.2 OK for: debug@4.3.5 want: 2.1.2
353 silly placeDep ROOT accepts@1.3.8 OK for: express@4.19.2 want: ~1.3.8
354 silly placeDep ROOT array-flatten@1.1.1 OK for: express@4.19.2 want: 1.1.1
355 silly placeDep ROOT body-parser@1.20.2 OK for: express@4.19.2 want: 1.20.2
356 silly placeDep ROOT content-disposition@0.5.4 OK for: express@4.19.2 want: 0.5.4
357 silly placeDep ROOT content-type@1.0.5 OK for: express@4.19.2 want: ~1.0.4
358 silly placeDep ROOT cookie@0.6.0 OK for: express@4.19.2 want: 0.6.0
359 silly placeDep ROOT cookie-signature@1.0.6 OK for: express@4.19.2 want: 1.0.6
360 silly placeDep node_modules/express debug@2.6.9 OK for: express@4.19.2 want: 2.6.9
361 silly placeDep ROOT depd@2.0.0 OK for: express@4.19.2 want: 2.0.0
362 silly placeDep ROOT encodeurl@1.0.2 OK for: express@4.19.2 want: ~1.0.2
363 silly placeDep ROOT escape-html@1.0.3 OK for: express@4.19.2 want: ~1.0.3
364 silly placeDep ROOT etag@1.8.1 OK for: express@4.19.2 want: ~1.8.1
365 silly placeDep ROOT finalhandler@1.2.0 OK for: express@4.19.2 want: 1.2.0
366 silly placeDep ROOT fresh@0.5.2 OK for: express@4.19.2 want: 0.5.2
367 silly placeDep ROOT http-errors@2.0.0 OK for: express@4.19.2 want: 2.0.0
368 silly placeDep ROOT merge-descriptors@1.0.1 OK for: express@4.19.2 want: 1.0.1
369 silly placeDep ROOT methods@1.1.2 OK for: express@4.19.2 want: ~1.1.2
370 silly placeDep ROOT on-finished@2.4.1 OK for: express@4.19.2 want: 2.4.1
371 silly placeDep ROOT parseurl@1.3.3 OK for: express@4.19.2 want: ~1.3.3
372 silly placeDep ROOT path-to-regexp@0.1.7 OK for: express@4.19.2 want: 0.1.7
373 silly placeDep ROOT proxy-addr@2.0.7 OK for: express@4.19.2 want: ~2.0.7
374 silly placeDep ROOT qs@6.11.0 OK for: express@4.19.2 want: 6.11.0
375 silly placeDep ROOT range-parser@1.2.1 OK for: express@4.19.2 want: ~1.2.1
376 silly placeDep node_modules/express safe-buffer@5.2.1 OK for: express@4.19.2 want: 5.2.1
377 silly placeDep ROOT send@0.18.0 OK for: express@4.19.2 want: 0.18.0
378 silly placeDep ROOT serve-static@1.15.0 OK for: express@4.19.2 want: 1.15.0
379 silly placeDep ROOT setprototypeof@1.2.0 OK for: express@4.19.2 want: 1.2.0
380 silly placeDep ROOT statuses@2.0.1 OK for: express@4.19.2 want: 2.0.1
381 silly placeDep ROOT type-is@1.6.18 OK for: express@4.19.2 want: ~1.6.18
382 silly placeDep ROOT utils-merge@1.0.1 OK for: express@4.19.2 want: 1.0.1
383 silly placeDep ROOT vary@1.1.2 OK for: express@4.19.2 want: ~1.1.2
384 silly fetch manifest mime-types@~2.1.34
385 silly fetch manifest negotiator@0.6.3
386 silly fetch manifest bytes@3.1.2
387 silly fetch manifest unpipe@1.0.0
388 silly fetch manifest destroy@1.2.0
389 silly fetch manifest raw-body@2.5.2
390 silly fetch manifest iconv-lite@0.4.24
391 silly fetch manifest content-type@~1.0.5
392 silly fetch manifest ms@2.0.0
393 silly fetch manifest unpipe@~1.0.0
394 silly fetch manifest inherits@2.0.4
395 silly fetch manifest toidentifier@1.0.1
396 silly fetch manifest ee-first@1.1.1
397 silly fetch manifest forwarded@0.2.0
398 silly fetch manifest ipaddr.js@1.9.1
399 silly fetch manifest side-channel@^1.0.4
400 silly fetch manifest ms@2.1.3
401 silly fetch manifest mime@1.6.0
402 silly fetch manifest media-typer@0.3.0
403 http fetch GET 200 https://registry.npmjs.org/mime-types 29ms (cache hit)
404 silly fetch manifest mime-types@~2.1.24
405 http fetch GET 200 https://registry.npmjs.org/unpipe 29ms (cache hit)
406 http fetch GET 200 https://registry.npmjs.org/negotiator 31ms (cache hit)
407 http fetch GET 200 https://registry.npmjs.org/bytes 31ms (cache hit)
408 http fetch GET 200 https://registry.npmjs.org/destroy 31ms (cache hit)
409 http fetch GET 200 https://registry.npmjs.org/forwarded 26ms (cache hit)
410 http fetch GET 200 https://registry.npmjs.org/ee-first 27ms (cache hit)
411 http fetch GET 200 https://registry.npmjs.org/raw-body 32ms (cache hit)
412 http fetch GET 200 https://registry.npmjs.org/unpipe 31ms (cache hit)
413 http fetch GET 200 https://registry.npmjs.org/toidentifier 29ms (cache hit)
414 http fetch GET 200 https://registry.npmjs.org/ipaddr.js 28ms (cache hit)
415 http fetch GET 200 https://registry.npmjs.org/side-channel 26ms (cache hit)
416 http fetch GET 200 https://registry.npmjs.org/media-typer 24ms (cache hit)
417 http fetch GET 200 https://registry.npmjs.org/mime 26ms (cache hit)
418 silly placeDep ROOT mime-types@2.1.35 OK for: accepts@1.3.8 want: ~2.1.34
419 silly placeDep ROOT negotiator@0.6.3 OK for: accepts@1.3.8 want: 0.6.3
420 silly fetch manifest mime-db@1.52.0
421 http fetch GET 200 https://registry.npmjs.org/mime-db 5ms (cache hit)
422 silly placeDep ROOT bytes@3.1.2 OK for: body-parser@1.20.2 want: 3.1.2
423 silly placeDep node_modules/body-parser debug@2.6.9 OK for: body-parser@1.20.2 want: 2.6.9
424 silly placeDep ROOT destroy@1.2.0 OK for: body-parser@1.20.2 want: 1.2.0
425 silly placeDep ROOT iconv-lite@0.4.24 OK for: body-parser@1.20.2 want: 0.4.24
426 silly placeDep ROOT raw-body@2.5.2 OK for: body-parser@1.20.2 want: 2.5.2
427 silly placeDep ROOT unpipe@1.0.0 OK for: body-parser@1.20.2 want: 1.0.0
428 silly fetch manifest safer-buffer@>= 2.1.2 < 3
429 http fetch GET 200 https://registry.npmjs.org/safer-buffer 4ms (cache hit)
430 silly placeDep node_modules/content-disposition safe-buffer@5.2.1 OK for: content-disposition@0.5.4 want: 5.2.1
431 silly placeDep node_modules/finalhandler debug@2.6.9 OK for: finalhandler@1.2.0 want: 2.6.9
432 silly placeDep ROOT inherits@2.0.4 OK for: http-errors@2.0.0 want: 2.0.4
433 silly placeDep ROOT toidentifier@1.0.1 OK for: http-errors@2.0.0 want: 1.0.1
434 silly placeDep ROOT safer-buffer@2.1.2 OK for: iconv-lite@0.4.24 want: >= 2.1.2 < 3
435 silly placeDep ROOT jws@3.2.2 OK for: jsonwebtoken@9.0.2 want: ^3.2.2
436 silly placeDep ROOT lodash.includes@4.3.0 OK for: jsonwebtoken@9.0.2 want: ^4.3.0
437 silly placeDep ROOT lodash.isboolean@3.0.3 OK for: jsonwebtoken@9.0.2 want: ^3.0.3
438 silly placeDep ROOT lodash.isinteger@4.0.4 OK for: jsonwebtoken@9.0.2 want: ^4.0.4
439 silly placeDep ROOT lodash.isnumber@3.0.3 OK for: jsonwebtoken@9.0.2 want: ^3.0.3
440 silly placeDep ROOT lodash.isplainobject@4.0.6 OK for: jsonwebtoken@9.0.2 want: ^4.0.6
441 silly placeDep ROOT lodash.isstring@4.0.1 OK for: jsonwebtoken@9.0.2 want: ^4.0.1
442 silly placeDep ROOT lodash.once@4.1.1 OK for: jsonwebtoken@9.0.2 want: ^4.0.0
443 silly placeDep ROOT semver@7.6.2 OK for: jsonwebtoken@9.0.2 want: ^7.5.4
444 silly fetch manifest jwa@^1.4.1
445 http fetch GET 200 https://registry.npmjs.org/jwa 4ms (cache hit)
446 silly placeDep ROOT jwa@1.4.1 OK for: jws@3.2.2 want: ^1.4.1
447 silly fetch manifest buffer-equal-constant-time@1.0.1
448 silly fetch manifest ecdsa-sig-formatter@1.0.11
449 http fetch GET 200 https://registry.npmjs.org/buffer-equal-constant-time 4ms (cache hit)
450 http fetch GET 200 https://registry.npmjs.org/ecdsa-sig-formatter 4ms (cache hit)
451 silly placeDep ROOT buffer-equal-constant-time@1.0.1 OK for: jwa@1.4.1 want: 1.0.1
452 silly placeDep ROOT ecdsa-sig-formatter@1.0.11 OK for: jwa@1.4.1 want: 1.0.11
453 silly placeDep ROOT mime-db@1.52.0 OK for: mime-types@2.1.35 want: 1.52.0
454 silly placeDep ROOT append-field@1.0.0 OK for: multer@1.4.5-lts.1 want: ^1.0.0
455 silly placeDep ROOT busboy@1.6.0 OK for: multer@1.4.5-lts.1 want: ^1.0.0
456 silly placeDep ROOT concat-stream@1.6.2 OK for: multer@1.4.5-lts.1 want: ^1.5.2
457 silly placeDep ROOT mkdirp@0.5.6 OK for: multer@1.4.5-lts.1 want: ^0.5.4
458 silly placeDep ROOT object-assign@4.1.1 OK for: multer@1.4.5-lts.1 want: ^4.1.1
459 silly placeDep ROOT xtend@4.0.2 OK for: multer@1.4.5-lts.1 want: ^4.0.0
460 silly fetch manifest streamsearch@^1.1.0
461 silly fetch manifest buffer-from@^1.0.0
462 silly fetch manifest readable-stream@^2.2.2
463 silly fetch manifest typedarray@^0.0.6
464 silly fetch manifest minimist@^1.2.6
465 http fetch GET 200 https://registry.npmjs.org/buffer-from 10ms (cache hit)
466 http fetch GET 200 https://registry.npmjs.org/minimist 10ms (cache hit)
467 http fetch GET 200 https://registry.npmjs.org/typedarray 11ms (cache hit)
468 http fetch GET 200 https://registry.npmjs.org/streamsearch 13ms (cache hit)
469 silly placeDep ROOT streamsearch@1.1.0 OK for: busboy@1.6.0 want: ^1.1.0
470 silly placeDep ROOT buffer-from@1.1.2 OK for: concat-stream@1.6.2 want: ^1.0.0
471 silly placeDep node_modules/concat-stream readable-stream@2.3.8 OK for: concat-stream@1.6.2 want: ^2.2.2
472 silly placeDep ROOT typedarray@0.0.6 OK for: concat-stream@1.6.2 want: ^0.0.6
473 silly fetch manifest process-nextick-args@~2.0.0
474 silly fetch manifest string_decoder@~1.1.1
475 silly fetch manifest util-deprecate@~1.0.1
476 http fetch GET 200 https://registry.npmjs.org/process-nextick-args 5ms (cache hit)
477 http fetch GET 200 https://registry.npmjs.org/util-deprecate 5ms (cache hit)
478 silly placeDep ROOT minimist@1.2.8 OK for: mkdirp@0.5.6 want: ^1.2.6
479 silly placeDep ROOT denque@2.1.0 OK for: mysql2@3.10.2 want: ^2.1.0
480 silly placeDep ROOT generate-function@2.3.1 OK for: mysql2@3.10.2 want: ^2.3.1
481 silly placeDep node_modules/mysql2 iconv-lite@0.6.3 OK for: mysql2@3.10.2 want: ^0.6.3
482 silly placeDep ROOT long@5.2.3 OK for: mysql2@3.10.2 want: ^5.2.1
483 silly placeDep ROOT lru-cache@8.0.5 OK for: mysql2@3.10.2 want: ^8.0.0
484 silly placeDep ROOT named-placeholders@1.1.3 OK for: mysql2@3.10.2 want: ^1.1.3
485 silly placeDep ROOT seq-queue@0.0.5 OK for: mysql2@3.10.2 want: ^0.0.5
486 silly placeDep ROOT sqlstring@2.3.3 OK for: mysql2@3.10.2 want: ^2.3.2
487 silly fetch manifest is-property@^1.0.2
488 silly fetch manifest lru-cache@^7.14.1
489 http fetch GET 200 https://registry.npmjs.org/is-property 5ms (cache hit)
490 silly placeDep ROOT is-property@1.0.2 OK for: generate-function@2.3.1 want: ^1.0.2
491 silly placeDep node_modules/named-placeholders lru-cache@7.18.3 OK for: named-placeholders@1.1.3 want: ^7.14.1
492 silly placeDep ROOT chokidar@3.6.0 OK for: nodemon@3.1.4 want: ^3.5.2
493 silly placeDep ROOT ignore-by-default@1.0.1 OK for: nodemon@3.1.4 want: ^1.0.1
494 silly placeDep ROOT minimatch@3.1.2 OK for: nodemon@3.1.4 want: ^3.1.2
495 silly placeDep ROOT pstree.remy@1.1.8 OK for: nodemon@3.1.4 want: ^1.1.8
496 silly placeDep ROOT simple-update-notifier@2.0.0 OK for: nodemon@3.1.4 want: ^2.0.0
497 silly placeDep ROOT supports-color@5.5.0 OK for: nodemon@3.1.4 want: ^5.5.0
498 silly placeDep ROOT touch@3.1.1 OK for: nodemon@3.1.4 want: ^3.1.0
499 silly placeDep ROOT undefsafe@2.0.5 OK for: nodemon@3.1.4 want: ^2.0.5
500 silly fetch manifest anymatch@~3.1.2
501 silly fetch manifest braces@~3.0.2
502 silly fetch manifest glob-parent@~5.1.2
503 silly fetch manifest is-binary-path@~2.1.0
504 silly fetch manifest is-glob@~4.0.1
505 silly fetch manifest normalize-path@~3.0.0
506 silly fetch manifest readdirp@~3.6.0
507 silly fetch manifest fsevents@~2.3.2
508 silly fetch manifest brace-expansion@^1.1.7
509 silly fetch manifest has-flag@^3.0.0
510 http fetch GET 200 https://registry.npmjs.org/braces 16ms (cache hit)
511 http fetch GET 200 https://registry.npmjs.org/anymatch 19ms (cache hit)
512 http fetch GET 200 https://registry.npmjs.org/is-glob 17ms (cache hit)
513 http fetch GET 200 https://registry.npmjs.org/glob-parent 19ms (cache hit)
514 http fetch GET 200 https://registry.npmjs.org/normalize-path 19ms (cache hit)
515 http fetch GET 200 https://registry.npmjs.org/is-binary-path 20ms (cache hit)
516 http fetch GET 200 https://registry.npmjs.org/readdirp 20ms (cache hit)
517 http fetch GET 200 https://registry.npmjs.org/fsevents 21ms (cache hit)
518 http fetch GET 200 https://registry.npmjs.org/brace-expansion 23ms (cache hit)
519 http fetch GET 200 https://registry.npmjs.org/has-flag 24ms (cache hit)
520 silly placeDep ROOT anymatch@3.1.3 OK for: chokidar@3.6.0 want: ~3.1.2
521 silly placeDep ROOT braces@3.0.3 OK for: chokidar@3.6.0 want: ~3.0.2
522 silly placeDep ROOT fsevents@2.3.3 OK for: chokidar@3.6.0 want: ~2.3.2
523 silly placeDep ROOT glob-parent@5.1.2 OK for: chokidar@3.6.0 want: ~5.1.2
524 silly placeDep ROOT is-binary-path@2.1.0 OK for: chokidar@3.6.0 want: ~2.1.0
525 silly placeDep ROOT is-glob@4.0.3 OK for: chokidar@3.6.0 want: ~4.0.1
526 silly placeDep ROOT normalize-path@3.0.0 OK for: chokidar@3.6.0 want: ~3.0.0
527 silly placeDep ROOT readdirp@3.6.0 OK for: chokidar@3.6.0 want: ~3.6.0
528 silly fetch manifest normalize-path@^3.0.0
529 silly fetch manifest picomatch@^2.0.4
530 silly fetch manifest fill-range@^7.1.1
531 silly fetch manifest is-glob@^4.0.1
532 silly fetch manifest binary-extensions@^2.0.0
533 silly fetch manifest is-extglob@^2.1.1
534 silly fetch manifest picomatch@^2.2.1
535 http fetch GET 200 https://registry.npmjs.org/picomatch 9ms (cache hit)
536 http fetch GET 200 https://registry.npmjs.org/is-extglob 12ms (cache hit)
537 http fetch GET 200 https://registry.npmjs.org/fill-range 13ms (cache hit)
538 http fetch GET 200 https://registry.npmjs.org/binary-extensions 13ms (cache hit)
539 http fetch GET 200 https://registry.npmjs.org/picomatch 15ms (cache hit)
540 silly placeDep ROOT picomatch@2.3.1 OK for: anymatch@3.1.3 want: ^2.0.4
541 silly placeDep ROOT fill-range@7.1.1 OK for: braces@3.0.3 want: ^7.1.1
542 silly fetch manifest to-regex-range@^5.0.1
543 http fetch GET 200 https://registry.npmjs.org/to-regex-range 3ms (cache hit)
544 silly placeDep ROOT to-regex-range@5.0.1 OK for: fill-range@7.1.1 want: ^5.0.1
545 silly fetch manifest is-number@^7.0.0
546 http fetch GET 200 https://registry.npmjs.org/is-number 3ms (cache hit)
547 silly placeDep ROOT binary-extensions@2.3.0 OK for: is-binary-path@2.1.0 want: ^2.0.0
548 silly placeDep ROOT is-extglob@2.1.1 OK for: is-glob@4.0.3 want: ^2.1.1
549 silly placeDep ROOT brace-expansion@1.1.11 OK for: minimatch@3.1.2 want: ^1.1.7
550 silly fetch manifest balanced-match@^1.0.0
551 silly fetch manifest concat-map@0.0.1
552 http fetch GET 200 https://registry.npmjs.org/balanced-match 4ms (cache hit)
553 http fetch GET 200 https://registry.npmjs.org/concat-map 5ms (cache hit)
554 silly placeDep ROOT balanced-match@1.0.2 OK for: brace-expansion@1.1.11 want: ^1.0.0
555 silly placeDep ROOT concat-map@0.0.1 OK for: brace-expansion@1.1.11 want: 0.0.1
556 silly placeDep ROOT ee-first@1.1.1 OK for: on-finished@2.4.1 want: 1.1.1
557 silly placeDep ROOT forwarded@0.2.0 OK for: proxy-addr@2.0.7 want: 0.2.0
558 silly placeDep ROOT ipaddr.js@1.9.1 OK for: proxy-addr@2.0.7 want: 1.9.1
559 silly placeDep ROOT side-channel@1.0.6 OK for: qs@6.11.0 want: ^1.0.4
560 silly fetch manifest call-bind@^1.0.7
561 silly fetch manifest es-errors@^1.3.0
562 silly fetch manifest get-intrinsic@^1.2.4
563 silly fetch manifest object-inspect@^1.13.1
564 http fetch GET 200 https://registry.npmjs.org/es-errors 9ms (cache hit)
565 http fetch GET 200 https://registry.npmjs.org/get-intrinsic 9ms (cache hit)
566 http fetch GET 200 https://registry.npmjs.org/call-bind 11ms (cache hit)
567 http fetch GET 200 https://registry.npmjs.org/object-inspect 10ms (cache hit)
568 silly placeDep ROOT core-util-is@1.0.3 OK for: readable-stream@1.1.14 want: ~1.0.0
569 silly placeDep node_modules/readable-stream isarray@0.0.1 OK for: readable-stream@1.1.14 want: 0.0.1
570 silly placeDep ROOT string_decoder@0.10.31 OK for: readable-stream@1.1.14 want: ~0.10.x
571 silly placeDep node_modules/send debug@2.6.9 OK for: send@0.18.0 want: 2.6.9
572 silly placeDep ROOT mime@1.6.0 OK for: send@0.18.0 want: 1.6.0
573 silly placeDep node_modules/send ms@2.1.3 OK for: send@0.18.0 want: 2.1.3
574 silly placeDep ROOT @types/debug@4.1.12 OK for: sequelize@6.37.3 want: ^4.1.8
575 silly placeDep ROOT dottie@2.0.6 OK for: sequelize@6.37.3 want: ^2.0.6
576 silly placeDep ROOT inflection@1.13.4 OK for: sequelize@6.37.3 want: ^1.13.4
577 silly placeDep ROOT lodash@4.17.21 OK for: sequelize@6.37.3 want: ^4.17.21
578 silly placeDep ROOT moment@2.30.1 OK for: sequelize@6.37.3 want: ^2.29.4
579 silly placeDep ROOT moment-timezone@0.5.45 OK for: sequelize@6.37.3 want: ^0.5.43
580 silly placeDep ROOT pg-connection-string@2.6.4 OK for: sequelize@6.37.3 want: ^2.6.1
581 silly placeDep ROOT retry-as-promised@7.0.4 OK for: sequelize@6.37.3 want: ^7.0.4
582 silly placeDep ROOT sequelize-pool@7.1.0 OK for: sequelize@6.37.3 want: ^7.1.0
583 silly placeDep ROOT toposort-class@1.0.1 OK for: sequelize@6.37.3 want: ^1.0.1
584 silly placeDep node_modules/sequelize uuid@8.3.2 OK for: sequelize@6.37.3 want: ^8.3.2
585 silly placeDep ROOT validator@13.12.0 OK for: sequelize@6.37.3 want: ^13.9.0
586 silly placeDep ROOT wkx@0.5.0 OK for: sequelize@6.37.3 want: ^0.5.0
587 silly fetch manifest @types/ms@*
588 http fetch GET 200 https://registry.npmjs.org/@types%2fms 4ms (cache hit)
589 silly placeDep ROOT @types/ms@0.7.34 OK for: @types/debug@4.1.12 want: *
590 silly placeDep ROOT glob@7.2.0 OK for: sequelize-typescript@2.1.6 want: 7.2.0
591 silly fetch manifest once@^1.3.0
592 silly fetch manifest inflight@^1.0.4
593 silly fetch manifest fs.realpath@^1.0.0
594 silly fetch manifest path-is-absolute@^1.0.0
595 http fetch GET 200 https://registry.npmjs.org/once 10ms (cache hit)
596 http fetch GET 200 https://registry.npmjs.org/fs.realpath 9ms (cache hit)
597 http fetch GET 200 https://registry.npmjs.org/inflight 10ms (cache hit)
598 http fetch GET 200 https://registry.npmjs.org/path-is-absolute 9ms (cache hit)
599 silly placeDep ROOT fs.realpath@1.0.0 OK for: glob@7.2.0 want: ^1.0.0
600 silly placeDep ROOT inflight@1.0.6 OK for: glob@7.2.0 want: ^1.0.4
601 silly placeDep ROOT once@1.4.0 OK for: glob@7.2.0 want: ^1.3.0
602 silly placeDep ROOT path-is-absolute@1.0.1 OK for: glob@7.2.0 want: ^1.0.0
603 silly fetch manifest wrappy@1
604 http fetch GET 200 https://registry.npmjs.org/wrappy 4ms (cache hit)
605 silly placeDep ROOT wrappy@1.0.2 OK for: inflight@1.0.6 want: 1
606 silly placeDep ROOT call-bind@1.0.7 OK for: side-channel@1.0.6 want: ^1.0.7
607 silly placeDep ROOT es-errors@1.3.0 OK for: side-channel@1.0.6 want: ^1.3.0
608 silly placeDep ROOT get-intrinsic@1.2.4 OK for: side-channel@1.0.6 want: ^1.2.4
609 silly placeDep ROOT object-inspect@1.13.2 OK for: side-channel@1.0.6 want: ^1.13.1
610 silly fetch manifest es-define-property@^1.0.0
611 silly fetch manifest function-bind@^1.1.2
612 silly fetch manifest set-function-length@^1.2.1
613 silly fetch manifest has-proto@^1.0.1
614 silly fetch manifest has-symbols@^1.0.3
615 silly fetch manifest hasown@^2.0.0
616 http fetch GET 200 https://registry.npmjs.org/has-symbols 6ms (cache hit)
617 http fetch GET 200 https://registry.npmjs.org/es-define-property 9ms (cache hit)
618 http fetch GET 200 https://registry.npmjs.org/has-proto 8ms (cache hit)
619 http fetch GET 200 https://registry.npmjs.org/function-bind 10ms (cache hit)
620 http fetch GET 200 https://registry.npmjs.org/hasown 9ms (cache hit)
621 http fetch GET 200 https://registry.npmjs.org/set-function-length 11ms (cache hit)
622 silly placeDep ROOT es-define-property@1.0.0 OK for: call-bind@1.0.7 want: ^1.0.0
623 silly placeDep ROOT function-bind@1.1.2 OK for: call-bind@1.0.7 want: ^1.1.2
624 silly placeDep ROOT set-function-length@1.2.2 OK for: call-bind@1.0.7 want: ^1.2.1
625 silly fetch manifest define-data-property@^1.1.4
626 silly fetch manifest gopd@^1.0.1
627 silly fetch manifest has-property-descriptors@^1.0.2
628 http fetch GET 200 https://registry.npmjs.org/define-data-property 8ms (cache hit)
629 http fetch GET 200 https://registry.npmjs.org/gopd 8ms (cache hit)
630 http fetch GET 200 https://registry.npmjs.org/has-property-descriptors 8ms (cache hit)
631 silly placeDep ROOT has-proto@1.0.3 OK for: get-intrinsic@1.2.4 want: ^1.0.1
632 silly placeDep ROOT has-symbols@1.0.3 OK for: get-intrinsic@1.2.4 want: ^1.0.3
633 silly placeDep ROOT hasown@2.0.2 OK for: get-intrinsic@1.2.4 want: ^2.0.0
634 silly placeDep ROOT define-data-property@1.1.4 OK for: set-function-length@1.2.2 want: ^1.1.4
635 silly placeDep ROOT gopd@1.0.1 OK for: set-function-length@1.2.2 want: ^1.0.1
636 silly placeDep ROOT has-property-descriptors@1.0.2 OK for: set-function-length@1.2.2 want: ^1.0.2
637 silly placeDep ROOT has-flag@3.0.0 OK for: supports-color@5.5.0 want: ^3.0.0
638 silly placeDep ROOT is-number@7.0.0 OK for: to-regex-range@5.0.1 want: ^7.0.0
639 silly placeDep ROOT media-typer@0.3.0 OK for: type-is@1.6.18 want: 0.3.0
640 silly placeDep ROOT punycode@1.3.2 OK for: url@0.10.3 want: 1.3.2
641 silly placeDep ROOT querystringify@2.2.0 OK for: url-parse@1.5.10 want: ^2.1.1
642 silly placeDep ROOT requires-port@1.0.0 OK for: url-parse@1.5.10 want: ^1.0.0
643 silly placeDep ROOT is-arguments@1.1.1 OK for: util@0.12.5 want: ^1.0.4
644 silly placeDep ROOT is-generator-function@1.0.10 OK for: util@0.12.5 want: ^1.0.7
645 silly placeDep ROOT is-typed-array@1.1.13 OK for: util@0.12.5 want: ^1.1.3
646 silly placeDep ROOT which-typed-array@1.1.15 OK for: util@0.12.5 want: ^1.1.2
647 silly fetch manifest has-tostringtag@^1.0.0
648 silly fetch manifest which-typed-array@^1.1.14
649 silly fetch manifest available-typed-arrays@^1.0.7
650 silly fetch manifest for-each@^0.3.3
651 silly fetch manifest has-tostringtag@^1.0.2
652 http fetch GET 200 https://registry.npmjs.org/available-typed-arrays 30ms (cache hit)
653 http fetch GET 200 https://registry.npmjs.org/for-each 31ms (cache hit)
654 http fetch GET 200 https://registry.npmjs.org/has-tostringtag 32ms (cache hit)
655 http fetch GET 200 https://registry.npmjs.org/has-tostringtag 31ms (cache hit)
656 silly placeDep ROOT has-tostringtag@1.0.2 OK for: is-arguments@1.1.1 want: ^1.0.0
657 silly placeDep ROOT available-typed-arrays@1.0.7 OK for: which-typed-array@1.1.15 want: ^1.0.7
658 silly placeDep ROOT for-each@0.3.3 OK for: which-typed-array@1.1.15 want: ^0.3.3
659 silly fetch manifest possible-typed-array-names@^1.0.0
660 silly fetch manifest is-callable@^1.1.3
661 http fetch GET 200 https://registry.npmjs.org/is-callable 7ms (cache hit)
662 http fetch GET 200 https://registry.npmjs.org/possible-typed-array-names 9ms (cache hit)
663 silly placeDep ROOT possible-typed-array-names@1.0.0 OK for: available-typed-arrays@1.0.7 want: ^1.0.0
664 silly placeDep ROOT is-callable@1.2.7 OK for: for-each@0.3.3 want: ^1.1.3
665 silly placeDep ROOT xmlbuilder@11.0.1 OK for: xml2js@0.6.2 want: ~11.0.0
666 silly placeDep node_modules/body-parser ms@2.0.0 OK for: debug@2.6.9 want: 2.0.0
667 silly placeDep ROOT process-nextick-args@2.0.1 OK for: readable-stream@2.3.8 want: ~2.0.0
668 silly placeDep node_modules/concat-stream string_decoder@1.1.1 OK for: readable-stream@2.3.8 want: ~1.1.1
669 silly placeDep ROOT util-deprecate@1.0.2 OK for: readable-stream@2.3.8 want: ~1.0.1
670 silly placeDep node_modules/express ms@2.0.0 OK for: debug@2.6.9 want: 2.0.0
671 silly placeDep node_modules/finalhandler ms@2.0.0 OK for: debug@2.6.9 want: 2.0.0
672 silly placeDep node_modules/send/node_modules/debug ms@2.0.0 OK for: debug@2.6.9 want: 2.0.0
673 silly audit bulk request {
673 silly audit   'service-education': [ '1.0.0' ],
673 silly audit   '@types/amqplib': [ '0.10.5' ],
673 silly audit   '@types/express': [ '4.17.21' ],
673 silly audit   '@types/jsonwebtoken': [ '9.0.6' ],
673 silly audit   '@types/multer': [ '1.4.11' ],
673 silly audit   '@types/node': [ '20.14.10' ],
673 silly audit   '@types/sequelize': [ '4.28.20' ],
673 silly audit   '@types/uuid': [ '10.0.0' ],
673 silly audit   amqplib: [ '0.10.4' ],
673 silly audit   'aws-sdk': [ '2.1659.0' ],
673 silly audit   dotenv: [ '16.4.5' ],
673 silly audit   express: [ '4.19.2' ],
673 silly audit   jsonwebtoken: [ '9.0.2' ],
673 silly audit   multer: [ '1.4.5-lts.1' ],
673 silly audit   mysql2: [ '3.10.2' ],
673 silly audit   nodemon: [ '3.1.4' ],
673 silly audit   sequelize: [ '6.37.3' ],
673 silly audit   'sequelize-typescript': [ '2.1.6' ],
673 silly audit   '@types/validator': [ '13.12.0' ],
673 silly audit   'reflect-metadata': [ '0.2.2' ],
673 silly audit   typescript: [ '5.5.3' ],
673 silly audit   uuid: [ '10.0.0', '8.0.0', '8.3.2' ],
673 silly audit   '@types/body-parser': [ '1.19.5' ],
673 silly audit   '@types/express-serve-static-core': [ '4.19.5' ],
673 silly audit   '@types/qs': [ '6.9.15' ],
673 silly audit   '@types/serve-static': [ '1.15.7' ],
673 silly audit   '@types/connect': [ '3.4.38' ],
673 silly audit   '@types/range-parser': [ '1.2.7' ],
673 silly audit   '@types/send': [ '0.17.4' ],
673 silly audit   'undici-types': [ '5.26.5' ],
673 silly audit   '@types/mime': [ '1.3.5' ],
673 silly audit   '@types/bluebird': [ '3.5.42' ],
673 silly audit   '@types/continuation-local-storage': [ '3.2.7' ],
673 silly audit   '@types/lodash': [ '4.17.6' ],
673 silly audit   '@types/http-errors': [ '2.0.4' ],
673 silly audit   '@acuminous/bitsyntax': [ '0.1.2' ],
673 silly audit   'buffer-more-ints': [ '1.0.0' ],
673 silly audit   'readable-stream': [ '1.1.14', '2.3.8' ],
673 silly audit   'url-parse': [ '1.5.10' ],
673 silly audit   debug: [ '4.3.5', '2.6.9' ],
673 silly audit   'safe-buffer': [ '5.1.2', '5.2.1' ],
673 silly audit   buffer: [ '4.9.2' ],
673 silly audit   events: [ '1.1.1' ],
673 silly audit   ieee754: [ '1.1.13' ],
673 silly audit   jmespath: [ '0.16.0' ],
673 silly audit   querystring: [ '0.2.0' ],
673 silly audit   sax: [ '1.2.1' ],
673 silly audit   url: [ '0.10.3' ],
673 silly audit   util: [ '0.12.5' ],
673 silly audit   xml2js: [ '0.6.2' ],
673 silly audit   'base64-js': [ '1.5.1' ],
673 silly audit   isarray: [ '1.0.0', '0.0.1' ],
673 silly audit   ms: [ '2.1.2', '2.1.3', '2.0.0' ],
673 silly audit   accepts: [ '1.3.8' ],
673 silly audit   'array-flatten': [ '1.1.1' ],
673 silly audit   'body-parser': [ '1.20.2' ],
673 silly audit   'content-disposition': [ '0.5.4' ],
673 silly audit   'content-type': [ '1.0.5' ],
673 silly audit   cookie: [ '0.6.0' ],
673 silly audit   'cookie-signature': [ '1.0.6' ],
673 silly audit   depd: [ '2.0.0' ],
673 silly audit   encodeurl: [ '1.0.2' ],
673 silly audit   'escape-html': [ '1.0.3' ],
673 silly audit   etag: [ '1.8.1' ],
673 silly audit   finalhandler: [ '1.2.0' ],
673 silly audit   fresh: [ '0.5.2' ],
673 silly audit   'http-errors': [ '2.0.0' ],
673 silly audit   'merge-descriptors': [ '1.0.1' ],
673 silly audit   methods: [ '1.1.2' ],
673 silly audit   'on-finished': [ '2.4.1' ],
673 silly audit   parseurl: [ '1.3.3' ],
673 silly audit   'path-to-regexp': [ '0.1.7' ],
673 silly audit   'proxy-addr': [ '2.0.7' ],
673 silly audit   qs: [ '6.11.0' ],
673 silly audit   'range-parser': [ '1.2.1' ],
673 silly audit   send: [ '0.18.0' ],
673 silly audit   'serve-static': [ '1.15.0' ],
673 silly audit   setprototypeof: [ '1.2.0' ],
673 silly audit   statuses: [ '2.0.1' ],
673 silly audit   'type-is': [ '1.6.18' ],
673 silly audit   'utils-merge': [ '1.0.1' ],
673 silly audit   vary: [ '1.1.2' ],
673 silly audit   'mime-types': [ '2.1.35' ],
673 silly audit   negotiator: [ '0.6.3' ],
673 silly audit   bytes: [ '3.1.2' ],
673 silly audit   destroy: [ '1.2.0' ],
673 silly audit   'iconv-lite': [ '0.4.24', '0.6.3' ],
673 silly audit   'raw-body': [ '2.5.2' ],
673 silly audit   unpipe: [ '1.0.0' ],
673 silly audit   inherits: [ '2.0.4' ],
673 silly audit   toidentifier: [ '1.0.1' ],
673 silly audit   'safer-buffer': [ '2.1.2' ],
673 silly audit   jws: [ '3.2.2' ],
673 silly audit   'lodash.includes': [ '4.3.0' ],
673 silly audit   'lodash.isboolean': [ '3.0.3' ],
673 silly audit   'lodash.isinteger': [ '4.0.4' ],
673 silly audit   'lodash.isnumber': [ '3.0.3' ],
673 silly audit   'lodash.isplainobject': [ '4.0.6' ],
673 silly audit   'lodash.isstring': [ '4.0.1' ],
673 silly audit   'lodash.once': [ '4.1.1' ],
673 silly audit   semver: [ '7.6.2' ],
673 silly audit   jwa: [ '1.4.1' ],
673 silly audit   'buffer-equal-constant-time': [ '1.0.1' ],
673 silly audit   'ecdsa-sig-formatter': [ '1.0.11' ],
673 silly audit   'mime-db': [ '1.52.0' ],
673 silly audit   'append-field': [ '1.0.0' ],
673 silly audit   busboy: [ '1.6.0' ],
673 silly audit   'concat-stream': [ '1.6.2' ],
673 silly audit   mkdirp: [ '0.5.6' ],
673 silly audit   'object-assign': [ '4.1.1' ],
673 silly audit   xtend: [ '4.0.2' ],
673 silly audit   streamsearch: [ '1.1.0' ],
673 silly audit   'buffer-from': [ '1.1.2' ],
673 silly audit   typedarray: [ '0.0.6' ],
673 silly audit   minimist: [ '1.2.8' ],
673 silly audit   denque: [ '2.1.0' ],
673 silly audit   'generate-function': [ '2.3.1' ],
673 silly audit   long: [ '5.2.3' ],
673 silly audit   'lru-cache': [ '8.0.5', '7.18.3' ],
673 silly audit   'named-placeholders': [ '1.1.3' ],
673 silly audit   'seq-queue': [ '0.0.5' ],
673 silly audit   sqlstring: [ '2.3.3' ],
673 silly audit   'is-property': [ '1.0.2' ],
673 silly audit   chokidar: [ '3.6.0' ],
673 silly audit   'ignore-by-default': [ '1.0.1' ],
673 silly audit   minimatch: [ '3.1.2' ],
673 silly audit   'pstree.remy': [ '1.1.8' ],
673 silly audit   'simple-update-notifier': [ '2.0.0' ],
673 silly audit   'supports-color': [ '5.5.0' ],
673 silly audit   touch: [ '3.1.1' ],
673 silly audit   undefsafe: [ '2.0.5' ],
673 silly audit   anymatch: [ '3.1.3' ],
673 silly audit   braces: [ '3.0.3' ],
673 silly audit   fsevents: [ '2.3.3' ],
673 silly audit   'glob-parent': [ '5.1.2' ],
673 silly audit   'is-binary-path': [ '2.1.0' ],
673 silly audit   'is-glob': [ '4.0.3' ],
673 silly audit   'normalize-path': [ '3.0.0' ],
673 silly audit   readdirp: [ '3.6.0' ],
673 silly audit   picomatch: [ '2.3.1' ],
673 silly audit   'fill-range': [ '7.1.1' ],
673 silly audit   'to-regex-range': [ '5.0.1' ],
673 silly audit   'binary-extensions': [ '2.3.0' ],
673 silly audit   'is-extglob': [ '2.1.1' ],
673 silly audit   'brace-expansion': [ '1.1.11' ],
673 silly audit   'balanced-match': [ '1.0.2' ],
673 silly audit   'concat-map': [ '0.0.1' ],
673 silly audit   'ee-first': [ '1.1.1' ],
673 silly audit   forwarded: [ '0.2.0' ],
673 silly audit   'ipaddr.js': [ '1.9.1' ],
673 silly audit   'side-channel': [ '1.0.6' ],
673 silly audit   'core-util-is': [ '1.0.3' ],
673 silly audit   string_decoder: [ '0.10.31', '1.1.1' ],
673 silly audit   mime: [ '1.6.0' ],
673 silly audit   '@types/debug': [ '4.1.12' ],
673 silly audit   dottie: [ '2.0.6' ],
673 silly audit   inflection: [ '1.13.4' ],
673 silly audit   lodash: [ '4.17.21' ],
673 silly audit   moment: [ '2.30.1' ],
673 silly audit   'moment-timezone': [ '0.5.45' ],
673 silly audit   'pg-connection-string': [ '2.6.4' ],
673 silly audit   'retry-as-promised': [ '7.0.4' ],
673 silly audit   'sequelize-pool': [ '7.1.0' ],
673 silly audit   'toposort-class': [ '1.0.1' ],
673 silly audit   validator: [ '13.12.0' ],
673 silly audit   wkx: [ '0.5.0' ],
673 silly audit   '@types/ms': [ '0.7.34' ],
673 silly audit   glob: [ '7.2.0' ],
673 silly audit   'fs.realpath': [ '1.0.0' ],
673 silly audit   inflight: [ '1.0.6' ],
673 silly audit   once: [ '1.4.0' ],
673 silly audit   'path-is-absolute': [ '1.0.1' ],
673 silly audit   wrappy: [ '1.0.2' ],
673 silly audit   'call-bind': [ '1.0.7' ],
673 silly audit   'es-errors': [ '1.3.0' ],
673 silly audit   'get-intrinsic': [ '1.2.4' ],
673 silly audit   'object-inspect': [ '1.13.2' ],
673 silly audit   'es-define-property': [ '1.0.0' ],
673 silly audit   'function-bind': [ '1.1.2' ],
673 silly audit   'set-function-length': [ '1.2.2' ],
673 silly audit   'has-proto': [ '1.0.3' ],
673 silly audit   'has-symbols': [ '1.0.3' ],
673 silly audit   hasown: [ '2.0.2' ],
673 silly audit   'define-data-property': [ '1.1.4' ],
673 silly audit   gopd: [ '1.0.1' ],
673 silly audit   'has-property-descriptors': [ '1.0.2' ],
673 silly audit   'has-flag': [ '3.0.0' ],
673 silly audit   'is-number': [ '7.0.0' ],
673 silly audit   'media-typer': [ '0.3.0' ],
673 silly audit   punycode: [ '1.3.2' ],
673 silly audit   querystringify: [ '2.2.0' ],
673 silly audit   'requires-port': [ '1.0.0' ],
673 silly audit   'is-arguments': [ '1.1.1' ],
673 silly audit   'is-generator-function': [ '1.0.10' ],
673 silly audit   'is-typed-array': [ '1.1.13' ],
673 silly audit   'which-typed-array': [ '1.1.15' ],
673 silly audit   'has-tostringtag': [ '1.0.2' ],
673 silly audit   'available-typed-arrays': [ '1.0.7' ],
673 silly audit   'for-each': [ '0.3.3' ],
673 silly audit   'possible-typed-array-names': [ '1.0.0' ],
673 silly audit   'is-callable': [ '1.2.7' ],
673 silly audit   xmlbuilder: [ '11.0.1' ],
673 silly audit   'process-nextick-args': [ '2.0.1' ],
673 silly audit   'util-deprecate': [ '1.0.2' ]
673 silly audit }
674 http fetch POST 200 https://registry.npmjs.org/-/npm/v1/security/advisories/bulk 298ms
675 silly audit report {}
676 verbose exit 0
677 info ok
