0 verbose cli C:\Program Files\nodejs\node.exe C:\Users\andro\AppData\Roaming\npm\node_modules\npm\bin\npm-cli.js
1 info using npm@10.7.0
2 info using node@v20.12.2
3 silly config:load:file:C:\Users\andro\AppData\Roaming\npm\node_modules\npm\npmrc
4 silly config:load:file:C:\Users\andro\Documents\PROJECT-INTEGRADOR\SERVICE-EDUCATION\.npmrc
5 silly config:load:file:C:\Users\andro\.npmrc
6 silly config:load:file:C:\Users\andro\AppData\Roaming\npm\etc\npmrc
7 verbose title npm install ts-node
8 verbose argv "install" "--save-dev" "ts-node"
9 verbose logfile logs-max:10 dir:C:\Users\andro\Documents\PROJECT-INTEGRADOR\SERVICE-EDUCATION\npm-cache\_logs\2024-06-23T21_10_06_297Z-
10 verbose logfile C:\Users\andro\Documents\PROJECT-INTEGRADOR\SERVICE-EDUCATION\npm-cache\_logs\2024-06-23T21_10_06_297Z-debug-0.log
11 silly logfile start cleaning logs, removing 2 files
12 silly logfile done cleaning log files
13 silly idealTree buildDeps
14 silly fetch manifest ts-node@*
15 http fetch GET 200 https://registry.npmjs.org/ts-node 60ms (cache hit)
16 silly fetch manifest @swc/core@>=1.2.50
17 http fetch GET 200 https://registry.npmjs.org/@swc%2fcore 1002ms (cache miss)
18 silly fetch manifest @swc/helpers@*
19 http fetch GET 200 https://registry.npmjs.org/@swc%2fhelpers 199ms (cache miss)
20 silly fetch manifest @swc/wasm@>=1.2.50
21 http fetch GET 200 https://registry.npmjs.org/@swc%2fwasm 818ms (cache miss)
22 silly fetch manifest @types/node@^20.14.6
23 http fetch GET 200 https://registry.npmjs.org/@types%2fnode 159ms (cache revalidated)
24 silly fetch manifest typescript@^5.5.2
25 http fetch GET 200 https://registry.npmjs.org/typescript 230ms (cache revalidated)
26 silly placeDep ROOT ts-node@10.9.2 OK for: service-education@1.0.0 want: *
27 silly fetch manifest @cspotcode/source-map-support@^0.8.0
28 silly fetch manifest @tsconfig/node10@^1.0.7
29 silly fetch manifest @tsconfig/node12@^1.0.7
30 silly fetch manifest @tsconfig/node14@^1.0.0
31 silly fetch manifest @tsconfig/node16@^1.0.2
32 silly fetch manifest acorn@^8.4.1
33 silly fetch manifest acorn-walk@^8.1.1
34 silly fetch manifest arg@^4.1.0
35 silly fetch manifest create-require@^1.1.0
36 silly fetch manifest diff@^4.0.1
37 silly fetch manifest make-error@^1.1.1
38 silly fetch manifest v8-compile-cache-lib@^3.0.1
39 silly fetch manifest yn@3.1.1
40 http fetch GET 200 https://registry.npmjs.org/@tsconfig%2fnode16 75ms (cache hit)
41 http fetch GET 200 https://registry.npmjs.org/@tsconfig%2fnode12 78ms (cache hit)
42 http fetch GET 200 https://registry.npmjs.org/@tsconfig%2fnode10 80ms (cache hit)
43 http fetch GET 200 https://registry.npmjs.org/@cspotcode%2fsource-map-support 81ms (cache hit)
44 http fetch GET 200 https://registry.npmjs.org/@tsconfig%2fnode14 81ms (cache hit)
45 http fetch GET 200 https://registry.npmjs.org/acorn 81ms (cache hit)
46 http fetch GET 200 https://registry.npmjs.org/acorn-walk 86ms (cache hit)
47 http fetch GET 200 https://registry.npmjs.org/arg 87ms (cache hit)
48 http fetch GET 200 https://registry.npmjs.org/make-error 87ms (cache hit)
49 http fetch GET 200 https://registry.npmjs.org/create-require 89ms (cache hit)
50 http fetch GET 200 https://registry.npmjs.org/v8-compile-cache-lib 89ms (cache hit)
51 http fetch GET 200 https://registry.npmjs.org/diff 91ms (cache hit)
52 http fetch GET 200 https://registry.npmjs.org/yn 92ms (cache hit)
53 silly placeDep ROOT @cspotcode/source-map-support@0.8.1 OK for: ts-node@10.9.2 want: ^0.8.0
54 silly placeDep ROOT @tsconfig/node10@1.0.11 OK for: ts-node@10.9.2 want: ^1.0.7
55 silly placeDep ROOT @tsconfig/node12@1.0.11 OK for: ts-node@10.9.2 want: ^1.0.7
56 silly placeDep ROOT @tsconfig/node14@1.0.3 OK for: ts-node@10.9.2 want: ^1.0.0
57 silly placeDep ROOT @tsconfig/node16@1.0.4 OK for: ts-node@10.9.2 want: ^1.0.2
58 silly placeDep ROOT acorn@8.12.0 OK for: ts-node@10.9.2 want: ^8.4.1
59 silly placeDep ROOT acorn-walk@8.3.3 OK for: ts-node@10.9.2 want: ^8.1.1
60 silly placeDep ROOT arg@4.1.3 OK for: ts-node@10.9.2 want: ^4.1.0
61 silly placeDep ROOT create-require@1.1.1 OK for: ts-node@10.9.2 want: ^1.1.0
62 silly placeDep ROOT diff@4.0.2 OK for: ts-node@10.9.2 want: ^4.0.1
63 silly placeDep ROOT make-error@1.3.6 OK for: ts-node@10.9.2 want: ^1.1.1
64 silly placeDep ROOT v8-compile-cache-lib@3.0.1 OK for: ts-node@10.9.2 want: ^3.0.1
65 silly placeDep ROOT yn@3.1.1 OK for: ts-node@10.9.2 want: 3.1.1
66 silly fetch manifest @jridgewell/trace-mapping@0.3.9
67 http fetch GET 200 https://registry.npmjs.org/@jridgewell%2ftrace-mapping 7ms (cache hit)
68 silly placeDep ROOT @jridgewell/trace-mapping@0.3.9 OK for: @cspotcode/source-map-support@0.8.1 want: 0.3.9
69 silly fetch manifest @jridgewell/resolve-uri@^3.0.3
70 silly fetch manifest @jridgewell/sourcemap-codec@^1.4.10
71 http fetch GET 200 https://registry.npmjs.org/@jridgewell%2fresolve-uri 9ms (cache hit)
72 http fetch GET 200 https://registry.npmjs.org/@jridgewell%2fsourcemap-codec 10ms (cache hit)
73 silly placeDep ROOT @jridgewell/resolve-uri@3.1.2 OK for: @jridgewell/trace-mapping@0.3.9 want: ^3.0.3
74 silly placeDep ROOT @jridgewell/sourcemap-codec@1.4.15 OK for: @jridgewell/trace-mapping@0.3.9 want: ^1.4.10
75 silly reify moves {}
76 silly audit bulk request {
76 silly audit   '@acuminous/bitsyntax': [ '0.1.2' ],
76 silly audit   debug: [ '4.3.5', '2.6.9' ],
76 silly audit   ms: [ '2.1.2', '2.0.0', '2.1.3' ],
76 silly audit   'safe-buffer': [ '5.1.2', '5.2.1' ],
76 silly audit   '@types/amqplib': [ '0.10.5' ],
76 silly audit   '@types/bluebird': [ '3.5.42' ],
76 silly audit   '@types/body-parser': [ '1.19.5' ],
76 silly audit   '@types/connect': [ '3.4.38' ],
76 silly audit   '@types/continuation-local-storage': [ '3.2.7' ],
76 silly audit   '@types/debug': [ '4.1.12' ],
76 silly audit   '@types/express': [ '4.17.21' ],
76 silly audit   '@types/express-serve-static-core': [ '4.19.5' ],
76 silly audit   '@types/http-errors': [ '2.0.4' ],
76 silly audit   '@types/lodash': [ '4.17.5' ],
76 silly audit   '@types/mime': [ '1.3.5' ],
76 silly audit   '@types/ms': [ '0.7.34' ],
76 silly audit   '@types/multer': [ '1.4.11' ],
76 silly audit   '@types/node': [ '20.14.6' ],
76 silly audit   '@types/qs': [ '6.9.15' ],
76 silly audit   '@types/range-parser': [ '1.2.7' ],
76 silly audit   '@types/send': [ '0.17.4' ],
76 silly audit   '@types/sequelize': [ '4.28.20' ],
76 silly audit   '@types/serve-static': [ '1.15.7' ],
76 silly audit   '@types/validator': [ '13.12.0' ],
76 silly audit   accepts: [ '1.3.8' ],
76 silly audit   amqplib: [ '0.10.4' ],
76 silly audit   isarray: [ '0.0.1', '1.0.0' ],
76 silly audit   'readable-stream': [ '1.1.14', '2.3.8' ],
76 silly audit   string_decoder: [ '0.10.31', '1.1.1' ],
76 silly audit   anymatch: [ '3.1.3' ],
76 silly audit   'append-field': [ '1.0.0' ],
76 silly audit   'array-flatten': [ '1.1.1' ],
76 silly audit   'available-typed-arrays': [ '1.0.7' ],
76 silly audit   'aws-sdk': [ '2.1646.0' ],
76 silly audit   'balanced-match': [ '1.0.2' ],
76 silly audit   'base64-js': [ '1.5.1' ],
76 silly audit   'binary-extensions': [ '2.3.0' ],
76 silly audit   'body-parser': [ '1.20.2' ],
76 silly audit   'brace-expansion': [ '1.1.11' ],
76 silly audit   braces: [ '3.0.3' ],
76 silly audit   buffer: [ '4.9.2' ],
76 silly audit   'buffer-from': [ '1.1.2' ],
76 silly audit   'buffer-more-ints': [ '1.0.0' ],
76 silly audit   busboy: [ '1.6.0' ],
76 silly audit   bytes: [ '3.1.2' ],
76 silly audit   'call-bind': [ '1.0.7' ],
76 silly audit   chokidar: [ '3.6.0' ],
76 silly audit   'concat-map': [ '0.0.1' ],
76 silly audit   'concat-stream': [ '1.6.2' ],
76 silly audit   'content-disposition': [ '0.5.4' ],
76 silly audit   'content-type': [ '1.0.5' ],
76 silly audit   cookie: [ '0.6.0' ],
76 silly audit   'cookie-signature': [ '1.0.6' ],
76 silly audit   'core-util-is': [ '1.0.3' ],
76 silly audit   'define-data-property': [ '1.1.4' ],
76 silly audit   denque: [ '2.1.0' ],
76 silly audit   depd: [ '2.0.0' ],
76 silly audit   destroy: [ '1.2.0' ],
76 silly audit   dotenv: [ '16.4.5' ],
76 silly audit   dottie: [ '2.0.6' ],
76 silly audit   'ee-first': [ '1.1.1' ],
76 silly audit   encodeurl: [ '1.0.2' ],
76 silly audit   'es-define-property': [ '1.0.0' ],
76 silly audit   'es-errors': [ '1.3.0' ],
76 silly audit   'escape-html': [ '1.0.3' ],
76 silly audit   etag: [ '1.8.1' ],
76 silly audit   events: [ '1.1.1' ],
76 silly audit   express: [ '4.19.2' ],
76 silly audit   'fill-range': [ '7.1.1' ],
76 silly audit   finalhandler: [ '1.2.0' ],
76 silly audit   'for-each': [ '0.3.3' ],
76 silly audit   forwarded: [ '0.2.0' ],
76 silly audit   fresh: [ '0.5.2' ],
76 silly audit   'fs.realpath': [ '1.0.0' ],
76 silly audit   fsevents: [ '2.3.3' ],
76 silly audit   'function-bind': [ '1.1.2' ],
76 silly audit   'generate-function': [ '2.3.1' ],
76 silly audit   'get-intrinsic': [ '1.2.4' ],
76 silly audit   glob: [ '7.2.0' ],
76 silly audit   'glob-parent': [ '5.1.2' ],
76 silly audit   gopd: [ '1.0.1' ],
76 silly audit   'has-flag': [ '3.0.0' ],
76 silly audit   'has-property-descriptors': [ '1.0.2' ],
76 silly audit   'has-proto': [ '1.0.3' ],
76 silly audit   'has-symbols': [ '1.0.3' ],
76 silly audit   'has-tostringtag': [ '1.0.2' ],
76 silly audit   hasown: [ '2.0.2' ],
76 silly audit   'http-errors': [ '2.0.0' ],
76 silly audit   'iconv-lite': [ '0.4.24', '0.6.3' ],
76 silly audit   ieee754: [ '1.1.13' ],
76 silly audit   'ignore-by-default': [ '1.0.1' ],
76 silly audit   inflection: [ '1.13.4' ],
76 silly audit   inflight: [ '1.0.6' ],
76 silly audit   inherits: [ '2.0.4' ],
76 silly audit   'ipaddr.js': [ '1.9.1' ],
76 silly audit   'is-arguments': [ '1.1.1' ],
76 silly audit   'is-binary-path': [ '2.1.0' ],
76 silly audit   'is-callable': [ '1.2.7' ],
76 silly audit   'is-extglob': [ '2.1.1' ],
76 silly audit   'is-generator-function': [ '1.0.10' ],
76 silly audit   'is-glob': [ '4.0.3' ],
76 silly audit   'is-number': [ '7.0.0' ],
76 silly audit   'is-property': [ '1.0.2' ],
76 silly audit   'is-typed-array': [ '1.1.13' ],
76 silly audit   jmespath: [ '0.16.0' ],
76 silly audit   lodash: [ '4.17.21' ],
76 silly audit   long: [ '5.2.3' ],
76 silly audit   'lru-cache': [ '8.0.5', '7.18.3' ],
76 silly audit   'media-typer': [ '0.3.0' ],
76 silly audit   'merge-descriptors': [ '1.0.1' ],
76 silly audit   methods: [ '1.1.2' ],
76 silly audit   mime: [ '1.6.0' ],
76 silly audit   'mime-db': [ '1.52.0' ],
76 silly audit   'mime-types': [ '2.1.35' ],
76 silly audit   minimatch: [ '3.1.2' ],
76 silly audit   minimist: [ '1.2.8' ],
76 silly audit   mkdirp: [ '0.5.6' ],
76 silly audit   moment: [ '2.30.1' ],
76 silly audit   'moment-timezone': [ '0.5.45' ],
76 silly audit   multer: [ '1.4.5-lts.1' ],
76 silly audit   mysql2: [ '3.10.1' ],
76 silly audit   'named-placeholders': [ '1.1.3' ],
76 silly audit   negotiator: [ '0.6.3' ],
76 silly audit   nodemon: [ '3.1.4' ],
76 silly audit   'normalize-path': [ '3.0.0' ],
76 silly audit   'object-assign': [ '4.1.1' ],
76 silly audit   'object-inspect': [ '1.13.1' ],
76 silly audit   'on-finished': [ '2.4.1' ],
76 silly audit   once: [ '1.4.0' ],
76 silly audit   parseurl: [ '1.3.3' ],
76 silly audit   'path-is-absolute': [ '1.0.1' ],
76 silly audit   'path-to-regexp': [ '0.1.7' ],
76 silly audit   'pg-connection-string': [ '2.6.4' ],
76 silly audit   picomatch: [ '2.3.1' ],
76 silly audit   'possible-typed-array-names': [ '1.0.0' ],
76 silly audit   'process-nextick-args': [ '2.0.1' ],
76 silly audit   'proxy-addr': [ '2.0.7' ],
76 silly audit   'pstree.remy': [ '1.1.8' ],
76 silly audit   punycode: [ '1.3.2' ],
76 silly audit   qs: [ '6.11.0' ],
76 silly audit   querystring: [ '0.2.0' ],
76 silly audit   querystringify: [ '2.2.0' ],
76 silly audit   'range-parser': [ '1.2.1' ],
76 silly audit   'raw-body': [ '2.5.2' ],
76 silly audit   readdirp: [ '3.6.0' ],
76 silly audit   'reflect-metadata': [ '0.2.2' ],
76 silly audit   'requires-port': [ '1.0.0' ],
76 silly audit   'retry-as-promised': [ '7.0.4' ],
76 silly audit   'safer-buffer': [ '2.1.2' ],
76 silly audit   sax: [ '1.2.1' ],
76 silly audit   semver: [ '7.6.2' ],
76 silly audit   send: [ '0.18.0' ],
76 silly audit   'seq-queue': [ '0.0.5' ],
76 silly audit   sequelize: [ '6.37.3' ],
76 silly audit   'sequelize-pool': [ '7.1.0' ],
76 silly audit   'sequelize-typescript': [ '2.1.6' ],
76 silly audit   uuid: [ '8.3.2', '8.0.0' ],
76 silly audit   'serve-static': [ '1.15.0' ],
76 silly audit   'set-function-length': [ '1.2.2' ],
76 silly audit   setprototypeof: [ '1.2.0' ],
76 silly audit   'side-channel': [ '1.0.6' ],
76 silly audit   'simple-update-notifier': [ '2.0.0' ],
76 silly audit   sqlstring: [ '2.3.3' ],
76 silly audit   statuses: [ '2.0.1' ],
76 silly audit   streamsearch: [ '1.1.0' ],
76 silly audit   'supports-color': [ '5.5.0' ],
76 silly audit   'to-regex-range': [ '5.0.1' ],
76 silly audit   toidentifier: [ '1.0.1' ],
76 silly audit   'toposort-class': [ '1.0.1' ],
76 silly audit   touch: [ '3.1.1' ],
76 silly audit   'type-is': [ '1.6.18' ],
76 silly audit   typedarray: [ '0.0.6' ],
76 silly audit   typescript: [ '5.5.2' ],
76 silly audit   undefsafe: [ '2.0.5' ],
76 silly audit   'undici-types': [ '5.26.5' ],
76 silly audit   unpipe: [ '1.0.0' ],
76 silly audit   url: [ '0.10.3' ],
76 silly audit   'url-parse': [ '1.5.10' ],
76 silly audit   util: [ '0.12.5' ],
76 silly audit   'util-deprecate': [ '1.0.2' ],
76 silly audit   'utils-merge': [ '1.0.1' ],
76 silly audit   validator: [ '13.12.0' ],
76 silly audit   vary: [ '1.1.2' ],
76 silly audit   'which-typed-array': [ '1.1.15' ],
76 silly audit   wkx: [ '0.5.0' ],
76 silly audit   wrappy: [ '1.0.2' ],
76 silly audit   xml2js: [ '0.6.2' ],
76 silly audit   xmlbuilder: [ '11.0.1' ],
76 silly audit   xtend: [ '4.0.2' ],
76 silly audit   'ts-node': [ '10.9.2' ],
76 silly audit   '@cspotcode/source-map-support': [ '0.8.1' ],
76 silly audit   '@tsconfig/node10': [ '1.0.11' ],
76 silly audit   '@tsconfig/node12': [ '1.0.11' ],
76 silly audit   '@tsconfig/node14': [ '1.0.3' ],
76 silly audit   '@tsconfig/node16': [ '1.0.4' ],
76 silly audit   acorn: [ '8.12.0' ],
76 silly audit   'acorn-walk': [ '8.3.3' ],
76 silly audit   arg: [ '4.1.3' ],
76 silly audit   'create-require': [ '1.1.1' ],
76 silly audit   diff: [ '4.0.2' ],
76 silly audit   'make-error': [ '1.3.6' ],
76 silly audit   'v8-compile-cache-lib': [ '3.0.1' ],
76 silly audit   yn: [ '3.1.1' ],
76 silly audit   '@jridgewell/trace-mapping': [ '0.3.9' ],
76 silly audit   '@jridgewell/resolve-uri': [ '3.1.2' ],
76 silly audit   '@jridgewell/sourcemap-codec': [ '1.4.15' ]
76 silly audit }
77 verbose reify failed optional dependency C:\Users\andro\Documents\PROJECT-INTEGRADOR\SERVICE-EDUCATION\node_modules\fsevents
78 silly reify mark deleted [
78 silly reify   'C:\\Users\\andro\\Documents\\PROJECT-INTEGRADOR\\SERVICE-EDUCATION\\node_modules\\fsevents'
78 silly reify ]
79 http fetch POST 200 https://registry.npmjs.org/-/npm/v1/security/advisories/bulk 261ms
80 silly audit report {}
81 silly ADD node_modules/@jridgewell/sourcemap-codec
82 silly ADD node_modules/@jridgewell/resolve-uri
83 silly ADD node_modules/@jridgewell/trace-mapping
84 silly ADD node_modules/yn
85 silly ADD node_modules/v8-compile-cache-lib
86 silly ADD node_modules/make-error
87 silly ADD node_modules/diff
88 silly ADD node_modules/create-require
89 silly ADD node_modules/arg
90 silly ADD node_modules/acorn-walk
91 silly ADD node_modules/acorn
92 silly ADD node_modules/@tsconfig/node16
93 silly ADD node_modules/@tsconfig/node14
94 silly ADD node_modules/@tsconfig/node12
95 silly ADD node_modules/@tsconfig/node10
96 silly ADD node_modules/@cspotcode/source-map-support
97 silly ADD node_modules/ts-node
98 silly ADD
99 verbose exit 0
100 info ok
