0 verbose cli C:\Program Files\nodejs\node.exe C:\Users\andro\AppData\Roaming\npm\node_modules\npm\bin\npm-cli.js
1 info using npm@10.7.0
2 info using node@v20.12.2
3 silly config:load:file:C:\Users\andro\AppData\Roaming\npm\node_modules\npm\npmrc
4 silly config:load:file:C:\Users\andro\Documents\PROJECT-INTEGRADOR\SERVICE-EDUCATION\.npmrc
5 silly config:load:file:C:\Users\andro\.npmrc
6 silly config:load:file:C:\Users\andro\AppData\Roaming\npm\etc\npmrc
7 verbose title npm uninstall ts-node
8 verbose argv "uninstall" "--save-dev" "ts-node"
9 verbose logfile logs-max:10 dir:C:\Users\andro\Documents\PROJECT-INTEGRADOR\SERVICE-EDUCATION\npm-cache\_logs\2024-06-23T21_10_44_151Z-
10 verbose logfile C:\Users\andro\Documents\PROJECT-INTEGRADOR\SERVICE-EDUCATION\npm-cache\_logs\2024-06-23T21_10_44_151Z-debug-0.log
11 silly logfile start cleaning logs, removing 2 files
12 silly logfile done cleaning log files
13 silly idealTree buildDeps
14 silly reify mark retired [
14 silly reify   'C:\\Users\\andro\\Documents\\PROJECT-INTEGRADOR\\SERVICE-EDUCATION\\node_modules\\@cspotcode\\source-map-support'
14 silly reify ]
15 silly reify mark retired [
15 silly reify   'C:\\Users\\andro\\Documents\\PROJECT-INTEGRADOR\\SERVICE-EDUCATION\\node_modules\\@jridgewell\\resolve-uri'
15 silly reify ]
16 silly reify mark retired [
16 silly reify   'C:\\Users\\andro\\Documents\\PROJECT-INTEGRADOR\\SERVICE-EDUCATION\\node_modules\\@jridgewell\\sourcemap-codec'
16 silly reify ]
17 silly reify mark retired [
17 silly reify   'C:\\Users\\andro\\Documents\\PROJECT-INTEGRADOR\\SERVICE-EDUCATION\\node_modules\\@jridgewell\\trace-mapping'
17 silly reify ]
18 silly reify mark retired [
18 silly reify   'C:\\Users\\andro\\Documents\\PROJECT-INTEGRADOR\\SERVICE-EDUCATION\\node_modules\\@tsconfig\\node10'
18 silly reify ]
19 silly reify mark retired [
19 silly reify   'C:\\Users\\andro\\Documents\\PROJECT-INTEGRADOR\\SERVICE-EDUCATION\\node_modules\\@tsconfig\\node12'
19 silly reify ]
20 silly reify mark retired [
20 silly reify   'C:\\Users\\andro\\Documents\\PROJECT-INTEGRADOR\\SERVICE-EDUCATION\\node_modules\\@tsconfig\\node14'
20 silly reify ]
21 silly reify mark retired [
21 silly reify   'C:\\Users\\andro\\Documents\\PROJECT-INTEGRADOR\\SERVICE-EDUCATION\\node_modules\\@tsconfig\\node16'
21 silly reify ]
22 silly reify mark retired [
22 silly reify   'C:\\Users\\andro\\Documents\\PROJECT-INTEGRADOR\\SERVICE-EDUCATION\\node_modules\\acorn',
22 silly reify   'C:\\Users\\andro\\Documents\\PROJECT-INTEGRADOR\\SERVICE-EDUCATION\\node_modules\\.bin\\acorn',
22 silly reify   'C:\\Users\\andro\\Documents\\PROJECT-INTEGRADOR\\SERVICE-EDUCATION\\node_modules\\.bin\\acorn.cmd',
22 silly reify   'C:\\Users\\andro\\Documents\\PROJECT-INTEGRADOR\\SERVICE-EDUCATION\\node_modules\\.bin\\acorn.ps1'
22 silly reify ]
23 silly reify mark retired [
23 silly reify   'C:\\Users\\andro\\Documents\\PROJECT-INTEGRADOR\\SERVICE-EDUCATION\\node_modules\\acorn-walk'
23 silly reify ]
24 silly reify mark retired [
24 silly reify   'C:\\Users\\andro\\Documents\\PROJECT-INTEGRADOR\\SERVICE-EDUCATION\\node_modules\\arg'
24 silly reify ]
25 silly reify mark retired [
25 silly reify   'C:\\Users\\andro\\Documents\\PROJECT-INTEGRADOR\\SERVICE-EDUCATION\\node_modules\\create-require'
25 silly reify ]
26 silly reify mark retired [
26 silly reify   'C:\\Users\\andro\\Documents\\PROJECT-INTEGRADOR\\SERVICE-EDUCATION\\node_modules\\diff'
26 silly reify ]
27 silly reify mark retired [
27 silly reify   'C:\\Users\\andro\\Documents\\PROJECT-INTEGRADOR\\SERVICE-EDUCATION\\node_modules\\make-error'
27 silly reify ]
28 silly reify mark retired [
28 silly reify   'C:\\Users\\andro\\Documents\\PROJECT-INTEGRADOR\\SERVICE-EDUCATION\\node_modules\\ts-node',
28 silly reify   'C:\\Users\\andro\\Documents\\PROJECT-INTEGRADOR\\SERVICE-EDUCATION\\node_modules\\.bin\\ts-node',
28 silly reify   'C:\\Users\\andro\\Documents\\PROJECT-INTEGRADOR\\SERVICE-EDUCATION\\node_modules\\.bin\\ts-node.cmd',
28 silly reify   'C:\\Users\\andro\\Documents\\PROJECT-INTEGRADOR\\SERVICE-EDUCATION\\node_modules\\.bin\\ts-node.ps1',
28 silly reify   'C:\\Users\\andro\\Documents\\PROJECT-INTEGRADOR\\SERVICE-EDUCATION\\node_modules\\.bin\\ts-node-cwd',
28 silly reify   'C:\\Users\\andro\\Documents\\PROJECT-INTEGRADOR\\SERVICE-EDUCATION\\node_modules\\.bin\\ts-node-cwd.cmd',
28 silly reify   'C:\\Users\\andro\\Documents\\PROJECT-INTEGRADOR\\SERVICE-EDUCATION\\node_modules\\.bin\\ts-node-cwd.ps1',
28 silly reify   'C:\\Users\\andro\\Documents\\PROJECT-INTEGRADOR\\SERVICE-EDUCATION\\node_modules\\.bin\\ts-node-esm',
28 silly reify   'C:\\Users\\andro\\Documents\\PROJECT-INTEGRADOR\\SERVICE-EDUCATION\\node_modules\\.bin\\ts-node-esm.cmd',
28 silly reify   'C:\\Users\\andro\\Documents\\PROJECT-INTEGRADOR\\SERVICE-EDUCATION\\node_modules\\.bin\\ts-node-esm.ps1',
28 silly reify   'C:\\Users\\andro\\Documents\\PROJECT-INTEGRADOR\\SERVICE-EDUCATION\\node_modules\\.bin\\ts-node-script',
28 silly reify   'C:\\Users\\andro\\Documents\\PROJECT-INTEGRADOR\\SERVICE-EDUCATION\\node_modules\\.bin\\ts-node-script.cmd',
28 silly reify   'C:\\Users\\andro\\Documents\\PROJECT-INTEGRADOR\\SERVICE-EDUCATION\\node_modules\\.bin\\ts-node-script.ps1',
28 silly reify   'C:\\Users\\andro\\Documents\\PROJECT-INTEGRADOR\\SERVICE-EDUCATION\\node_modules\\.bin\\ts-node-transpile-only',
28 silly reify   'C:\\Users\\andro\\Documents\\PROJECT-INTEGRADOR\\SERVICE-EDUCATION\\node_modules\\.bin\\ts-node-transpile-only.cmd',
28 silly reify   'C:\\Users\\andro\\Documents\\PROJECT-INTEGRADOR\\SERVICE-EDUCATION\\node_modules\\.bin\\ts-node-transpile-only.ps1',
28 silly reify   'C:\\Users\\andro\\Documents\\PROJECT-INTEGRADOR\\SERVICE-EDUCATION\\node_modules\\.bin\\ts-script',
28 silly reify   'C:\\Users\\andro\\Documents\\PROJECT-INTEGRADOR\\SERVICE-EDUCATION\\node_modules\\.bin\\ts-script.cmd',
28 silly reify   'C:\\Users\\andro\\Documents\\PROJECT-INTEGRADOR\\SERVICE-EDUCATION\\node_modules\\.bin\\ts-script.ps1'
28 silly reify ]
29 silly reify mark retired [
29 silly reify   'C:\\Users\\andro\\Documents\\PROJECT-INTEGRADOR\\SERVICE-EDUCATION\\node_modules\\v8-compile-cache-lib'
29 silly reify ]
30 silly reify mark retired [
30 silly reify   'C:\\Users\\andro\\Documents\\PROJECT-INTEGRADOR\\SERVICE-EDUCATION\\node_modules\\yn'
30 silly reify ]
31 silly reify moves {
31 silly reify   'C:\\Users\\andro\\Documents\\PROJECT-INTEGRADOR\\SERVICE-EDUCATION\\node_modules\\@cspotcode\\source-map-support': 'C:\\Users\\andro\\Documents\\PROJECT-INTEGRADOR\\SERVICE-EDUCATION\\node_modules\\@cspotcode\\.source-map-support-eAibhMmU',
31 silly reify   'C:\\Users\\andro\\Documents\\PROJECT-INTEGRADOR\\SERVICE-EDUCATION\\node_modules\\@jridgewell\\resolve-uri': 'C:\\Users\\andro\\Documents\\PROJECT-INTEGRADOR\\SERVICE-EDUCATION\\node_modules\\@jridgewell\\.resolve-uri-puSteKaA',
31 silly reify   'C:\\Users\\andro\\Documents\\PROJECT-INTEGRADOR\\SERVICE-EDUCATION\\node_modules\\@jridgewell\\sourcemap-codec': 'C:\\Users\\andro\\Documents\\PROJECT-INTEGRADOR\\SERVICE-EDUCATION\\node_modules\\@jridgewell\\.sourcemap-codec-VYamCnCz',
31 silly reify   'C:\\Users\\andro\\Documents\\PROJECT-INTEGRADOR\\SERVICE-EDUCATION\\node_modules\\@jridgewell\\trace-mapping': 'C:\\Users\\andro\\Documents\\PROJECT-INTEGRADOR\\SERVICE-EDUCATION\\node_modules\\@jridgewell\\.trace-mapping-kW1uDhyB',
31 silly reify   'C:\\Users\\andro\\Documents\\PROJECT-INTEGRADOR\\SERVICE-EDUCATION\\node_modules\\@tsconfig\\node10': 'C:\\Users\\andro\\Documents\\PROJECT-INTEGRADOR\\SERVICE-EDUCATION\\node_modules\\@tsconfig\\.node10-uOzYV2ve',
31 silly reify   'C:\\Users\\andro\\Documents\\PROJECT-INTEGRADOR\\SERVICE-EDUCATION\\node_modules\\@tsconfig\\node12': 'C:\\Users\\andro\\Documents\\PROJECT-INTEGRADOR\\SERVICE-EDUCATION\\node_modules\\@tsconfig\\.node12-gkZv9eVJ',
31 silly reify   'C:\\Users\\andro\\Documents\\PROJECT-INTEGRADOR\\SERVICE-EDUCATION\\node_modules\\@tsconfig\\node14': 'C:\\Users\\andro\\Documents\\PROJECT-INTEGRADOR\\SERVICE-EDUCATION\\node_modules\\@tsconfig\\.node14-oYGwTVIF',
31 silly reify   'C:\\Users\\andro\\Documents\\PROJECT-INTEGRADOR\\SERVICE-EDUCATION\\node_modules\\@tsconfig\\node16': 'C:\\Users\\andro\\Documents\\PROJECT-INTEGRADOR\\SERVICE-EDUCATION\\node_modules\\@tsconfig\\.node16-VYMW1OCG',
31 silly reify   'C:\\Users\\andro\\Documents\\PROJECT-INTEGRADOR\\SERVICE-EDUCATION\\node_modules\\acorn': 'C:\\Users\\andro\\Documents\\PROJECT-INTEGRADOR\\SERVICE-EDUCATION\\node_modules\\.acorn-uWRVrAM1',
31 silly reify   'C:\\Users\\andro\\Documents\\PROJECT-INTEGRADOR\\SERVICE-EDUCATION\\node_modules\\.bin\\acorn': 'C:\\Users\\andro\\Documents\\PROJECT-INTEGRADOR\\SERVICE-EDUCATION\\node_modules\\.bin\\.acorn-uxI8xug7',
31 silly reify   'C:\\Users\\andro\\Documents\\PROJECT-INTEGRADOR\\SERVICE-EDUCATION\\node_modules\\.bin\\acorn.cmd': 'C:\\Users\\andro\\Documents\\PROJECT-INTEGRADOR\\SERVICE-EDUCATION\\node_modules\\.bin\\.acorn.cmd-tzAkzTNZ',
31 silly reify   'C:\\Users\\andro\\Documents\\PROJECT-INTEGRADOR\\SERVICE-EDUCATION\\node_modules\\.bin\\acorn.ps1': 'C:\\Users\\andro\\Documents\\PROJECT-INTEGRADOR\\SERVICE-EDUCATION\\node_modules\\.bin\\.acorn.ps1-FhP3DfRd',
31 silly reify   'C:\\Users\\andro\\Documents\\PROJECT-INTEGRADOR\\SERVICE-EDUCATION\\node_modules\\acorn-walk': 'C:\\Users\\andro\\Documents\\PROJECT-INTEGRADOR\\SERVICE-EDUCATION\\node_modules\\.acorn-walk-c1NZzBKl',
31 silly reify   'C:\\Users\\andro\\Documents\\PROJECT-INTEGRADOR\\SERVICE-EDUCATION\\node_modules\\arg': 'C:\\Users\\andro\\Documents\\PROJECT-INTEGRADOR\\SERVICE-EDUCATION\\node_modules\\.arg-WbNiU7Z8',
31 silly reify   'C:\\Users\\andro\\Documents\\PROJECT-INTEGRADOR\\SERVICE-EDUCATION\\node_modules\\create-require': 'C:\\Users\\andro\\Documents\\PROJECT-INTEGRADOR\\SERVICE-EDUCATION\\node_modules\\.create-require-k1jKDhkW',
31 silly reify   'C:\\Users\\andro\\Documents\\PROJECT-INTEGRADOR\\SERVICE-EDUCATION\\node_modules\\diff': 'C:\\Users\\andro\\Documents\\PROJECT-INTEGRADOR\\SERVICE-EDUCATION\\node_modules\\.diff-tHXY7L7r',
31 silly reify   'C:\\Users\\andro\\Documents\\PROJECT-INTEGRADOR\\SERVICE-EDUCATION\\node_modules\\make-error': 'C:\\Users\\andro\\Documents\\PROJECT-INTEGRADOR\\SERVICE-EDUCATION\\node_modules\\.make-error-3t0PXiaD',
31 silly reify   'C:\\Users\\andro\\Documents\\PROJECT-INTEGRADOR\\SERVICE-EDUCATION\\node_modules\\ts-node': 'C:\\Users\\andro\\Documents\\PROJECT-INTEGRADOR\\SERVICE-EDUCATION\\node_modules\\.ts-node-hyaQ0zJf',
31 silly reify   'C:\\Users\\andro\\Documents\\PROJECT-INTEGRADOR\\SERVICE-EDUCATION\\node_modules\\.bin\\ts-node': 'C:\\Users\\andro\\Documents\\PROJECT-INTEGRADOR\\SERVICE-EDUCATION\\node_modules\\.bin\\.ts-node-hByhLh6U',
31 silly reify   'C:\\Users\\andro\\Documents\\PROJECT-INTEGRADOR\\SERVICE-EDUCATION\\node_modules\\.bin\\ts-node.cmd': 'C:\\Users\\andro\\Documents\\PROJECT-INTEGRADOR\\SERVICE-EDUCATION\\node_modules\\.bin\\.ts-node.cmd-UA8AHnUo',
31 silly reify   'C:\\Users\\andro\\Documents\\PROJECT-INTEGRADOR\\SERVICE-EDUCATION\\node_modules\\.bin\\ts-node.ps1': 'C:\\Users\\andro\\Documents\\PROJECT-INTEGRADOR\\SERVICE-EDUCATION\\node_modules\\.bin\\.ts-node.ps1-kPDH5dW5',
31 silly reify   'C:\\Users\\andro\\Documents\\PROJECT-INTEGRADOR\\SERVICE-EDUCATION\\node_modules\\.bin\\ts-node-cwd': 'C:\\Users\\andro\\Documents\\PROJECT-INTEGRADOR\\SERVICE-EDUCATION\\node_modules\\.bin\\.ts-node-cwd-NJTbwsJd',
31 silly reify   'C:\\Users\\andro\\Documents\\PROJECT-INTEGRADOR\\SERVICE-EDUCATION\\node_modules\\.bin\\ts-node-cwd.cmd': 'C:\\Users\\andro\\Documents\\PROJECT-INTEGRADOR\\SERVICE-EDUCATION\\node_modules\\.bin\\.ts-node-cwd.cmd-IbqSq7w4',
31 silly reify   'C:\\Users\\andro\\Documents\\PROJECT-INTEGRADOR\\SERVICE-EDUCATION\\node_modules\\.bin\\ts-node-cwd.ps1': 'C:\\Users\\andro\\Documents\\PROJECT-INTEGRADOR\\SERVICE-EDUCATION\\node_modules\\.bin\\.ts-node-cwd.ps1-Grux9a3y',
31 silly reify   'C:\\Users\\andro\\Documents\\PROJECT-INTEGRADOR\\SERVICE-EDUCATION\\node_modules\\.bin\\ts-node-esm': 'C:\\Users\\andro\\Documents\\PROJECT-INTEGRADOR\\SERVICE-EDUCATION\\node_modules\\.bin\\.ts-node-esm-Adq0C6ik',
31 silly reify   'C:\\Users\\andro\\Documents\\PROJECT-INTEGRADOR\\SERVICE-EDUCATION\\node_modules\\.bin\\ts-node-esm.cmd': 'C:\\Users\\andro\\Documents\\PROJECT-INTEGRADOR\\SERVICE-EDUCATION\\node_modules\\.bin\\.ts-node-esm.cmd-eMNIua1r',
31 silly reify   'C:\\Users\\andro\\Documents\\PROJECT-INTEGRADOR\\SERVICE-EDUCATION\\node_modules\\.bin\\ts-node-esm.ps1': 'C:\\Users\\andro\\Documents\\PROJECT-INTEGRADOR\\SERVICE-EDUCATION\\node_modules\\.bin\\.ts-node-esm.ps1-plV2evVe',
31 silly reify   'C:\\Users\\andro\\Documents\\PROJECT-INTEGRADOR\\SERVICE-EDUCATION\\node_modules\\.bin\\ts-node-script': 'C:\\Users\\andro\\Documents\\PROJECT-INTEGRADOR\\SERVICE-EDUCATION\\node_modules\\.bin\\.ts-node-script-Ga6PQ7Qu',
31 silly reify   'C:\\Users\\andro\\Documents\\PROJECT-INTEGRADOR\\SERVICE-EDUCATION\\node_modules\\.bin\\ts-node-script.cmd': 'C:\\Users\\andro\\Documents\\PROJECT-INTEGRADOR\\SERVICE-EDUCATION\\node_modules\\.bin\\.ts-node-script.cmd-FUotJcG7',
31 silly reify   'C:\\Users\\andro\\Documents\\PROJECT-INTEGRADOR\\SERVICE-EDUCATION\\node_modules\\.bin\\ts-node-script.ps1': 'C:\\Users\\andro\\Documents\\PROJECT-INTEGRADOR\\SERVICE-EDUCATION\\node_modules\\.bin\\.ts-node-script.ps1-jRVhEw5a',
31 silly reify   'C:\\Users\\andro\\Documents\\PROJECT-INTEGRADOR\\SERVICE-EDUCATION\\node_modules\\.bin\\ts-node-transpile-only': 'C:\\Users\\andro\\Documents\\PROJECT-INTEGRADOR\\SERVICE-EDUCATION\\node_modules\\.bin\\.ts-node-transpile-only-yfitwxEA',
31 silly reify   'C:\\Users\\andro\\Documents\\PROJECT-INTEGRADOR\\SERVICE-EDUCATION\\node_modules\\.bin\\ts-node-transpile-only.cmd': 'C:\\Users\\andro\\Documents\\PROJECT-INTEGRADOR\\SERVICE-EDUCATION\\node_modules\\.bin\\.ts-node-transpile-only.cmd-7FN5z0nA',
31 silly reify   'C:\\Users\\andro\\Documents\\PROJECT-INTEGRADOR\\SERVICE-EDUCATION\\node_modules\\.bin\\ts-node-transpile-only.ps1': 'C:\\Users\\andro\\Documents\\PROJECT-INTEGRADOR\\SERVICE-EDUCATION\\node_modules\\.bin\\.ts-node-transpile-only.ps1-1Njo5upg',
31 silly reify   'C:\\Users\\andro\\Documents\\PROJECT-INTEGRADOR\\SERVICE-EDUCATION\\node_modules\\.bin\\ts-script': 'C:\\Users\\andro\\Documents\\PROJECT-INTEGRADOR\\SERVICE-EDUCATION\\node_modules\\.bin\\.ts-script-fgTXTsFn',
31 silly reify   'C:\\Users\\andro\\Documents\\PROJECT-INTEGRADOR\\SERVICE-EDUCATION\\node_modules\\.bin\\ts-script.cmd': 'C:\\Users\\andro\\Documents\\PROJECT-INTEGRADOR\\SERVICE-EDUCATION\\node_modules\\.bin\\.ts-script.cmd-m0zxPIq7',
31 silly reify   'C:\\Users\\andro\\Documents\\PROJECT-INTEGRADOR\\SERVICE-EDUCATION\\node_modules\\.bin\\ts-script.ps1': 'C:\\Users\\andro\\Documents\\PROJECT-INTEGRADOR\\SERVICE-EDUCATION\\node_modules\\.bin\\.ts-script.ps1-Fo51tX23',
31 silly reify   'C:\\Users\\andro\\Documents\\PROJECT-INTEGRADOR\\SERVICE-EDUCATION\\node_modules\\v8-compile-cache-lib': 'C:\\Users\\andro\\Documents\\PROJECT-INTEGRADOR\\SERVICE-EDUCATION\\node_modules\\.v8-compile-cache-lib-2XRH94L6',
31 silly reify   'C:\\Users\\andro\\Documents\\PROJECT-INTEGRADOR\\SERVICE-EDUCATION\\node_modules\\yn': 'C:\\Users\\andro\\Documents\\PROJECT-INTEGRADOR\\SERVICE-EDUCATION\\node_modules\\.yn-hyrojxbq'
31 silly reify }
32 silly audit bulk request {
32 silly audit   '@acuminous/bitsyntax': [ '0.1.2' ],
32 silly audit   debug: [ '4.3.5', '2.6.9' ],
32 silly audit   ms: [ '2.1.2', '2.0.0', '2.1.3' ],
32 silly audit   'safe-buffer': [ '5.1.2', '5.2.1' ],
32 silly audit   '@types/amqplib': [ '0.10.5' ],
32 silly audit   '@types/bluebird': [ '3.5.42' ],
32 silly audit   '@types/body-parser': [ '1.19.5' ],
32 silly audit   '@types/connect': [ '3.4.38' ],
32 silly audit   '@types/continuation-local-storage': [ '3.2.7' ],
32 silly audit   '@types/debug': [ '4.1.12' ],
32 silly audit   '@types/express': [ '4.17.21' ],
32 silly audit   '@types/express-serve-static-core': [ '4.19.5' ],
32 silly audit   '@types/http-errors': [ '2.0.4' ],
32 silly audit   '@types/lodash': [ '4.17.5' ],
32 silly audit   '@types/mime': [ '1.3.5' ],
32 silly audit   '@types/ms': [ '0.7.34' ],
32 silly audit   '@types/multer': [ '1.4.11' ],
32 silly audit   '@types/node': [ '20.14.6' ],
32 silly audit   '@types/qs': [ '6.9.15' ],
32 silly audit   '@types/range-parser': [ '1.2.7' ],
32 silly audit   '@types/send': [ '0.17.4' ],
32 silly audit   '@types/sequelize': [ '4.28.20' ],
32 silly audit   '@types/serve-static': [ '1.15.7' ],
32 silly audit   '@types/validator': [ '13.12.0' ],
32 silly audit   accepts: [ '1.3.8' ],
32 silly audit   amqplib: [ '0.10.4' ],
32 silly audit   isarray: [ '0.0.1', '1.0.0' ],
32 silly audit   'readable-stream': [ '1.1.14', '2.3.8' ],
32 silly audit   string_decoder: [ '0.10.31', '1.1.1' ],
32 silly audit   anymatch: [ '3.1.3' ],
32 silly audit   'append-field': [ '1.0.0' ],
32 silly audit   'array-flatten': [ '1.1.1' ],
32 silly audit   'available-typed-arrays': [ '1.0.7' ],
32 silly audit   'aws-sdk': [ '2.1646.0' ],
32 silly audit   'balanced-match': [ '1.0.2' ],
32 silly audit   'base64-js': [ '1.5.1' ],
32 silly audit   'binary-extensions': [ '2.3.0' ],
32 silly audit   'body-parser': [ '1.20.2' ],
32 silly audit   'brace-expansion': [ '1.1.11' ],
32 silly audit   braces: [ '3.0.3' ],
32 silly audit   buffer: [ '4.9.2' ],
32 silly audit   'buffer-from': [ '1.1.2' ],
32 silly audit   'buffer-more-ints': [ '1.0.0' ],
32 silly audit   busboy: [ '1.6.0' ],
32 silly audit   bytes: [ '3.1.2' ],
32 silly audit   'call-bind': [ '1.0.7' ],
32 silly audit   chokidar: [ '3.6.0' ],
32 silly audit   'concat-map': [ '0.0.1' ],
32 silly audit   'concat-stream': [ '1.6.2' ],
32 silly audit   'content-disposition': [ '0.5.4' ],
32 silly audit   'content-type': [ '1.0.5' ],
32 silly audit   cookie: [ '0.6.0' ],
32 silly audit   'cookie-signature': [ '1.0.6' ],
32 silly audit   'core-util-is': [ '1.0.3' ],
32 silly audit   'define-data-property': [ '1.1.4' ],
32 silly audit   denque: [ '2.1.0' ],
32 silly audit   depd: [ '2.0.0' ],
32 silly audit   destroy: [ '1.2.0' ],
32 silly audit   dotenv: [ '16.4.5' ],
32 silly audit   dottie: [ '2.0.6' ],
32 silly audit   'ee-first': [ '1.1.1' ],
32 silly audit   encodeurl: [ '1.0.2' ],
32 silly audit   'es-define-property': [ '1.0.0' ],
32 silly audit   'es-errors': [ '1.3.0' ],
32 silly audit   'escape-html': [ '1.0.3' ],
32 silly audit   etag: [ '1.8.1' ],
32 silly audit   events: [ '1.1.1' ],
32 silly audit   express: [ '4.19.2' ],
32 silly audit   'fill-range': [ '7.1.1' ],
32 silly audit   finalhandler: [ '1.2.0' ],
32 silly audit   'for-each': [ '0.3.3' ],
32 silly audit   forwarded: [ '0.2.0' ],
32 silly audit   fresh: [ '0.5.2' ],
32 silly audit   'fs.realpath': [ '1.0.0' ],
32 silly audit   fsevents: [ '2.3.3' ],
32 silly audit   'function-bind': [ '1.1.2' ],
32 silly audit   'generate-function': [ '2.3.1' ],
32 silly audit   'get-intrinsic': [ '1.2.4' ],
32 silly audit   glob: [ '7.2.0' ],
32 silly audit   'glob-parent': [ '5.1.2' ],
32 silly audit   gopd: [ '1.0.1' ],
32 silly audit   'has-flag': [ '3.0.0' ],
32 silly audit   'has-property-descriptors': [ '1.0.2' ],
32 silly audit   'has-proto': [ '1.0.3' ],
32 silly audit   'has-symbols': [ '1.0.3' ],
32 silly audit   'has-tostringtag': [ '1.0.2' ],
32 silly audit   hasown: [ '2.0.2' ],
32 silly audit   'http-errors': [ '2.0.0' ],
32 silly audit   'iconv-lite': [ '0.4.24', '0.6.3' ],
32 silly audit   ieee754: [ '1.1.13' ],
32 silly audit   'ignore-by-default': [ '1.0.1' ],
32 silly audit   inflection: [ '1.13.4' ],
32 silly audit   inflight: [ '1.0.6' ],
32 silly audit   inherits: [ '2.0.4' ],
32 silly audit   'ipaddr.js': [ '1.9.1' ],
32 silly audit   'is-arguments': [ '1.1.1' ],
32 silly audit   'is-binary-path': [ '2.1.0' ],
32 silly audit   'is-callable': [ '1.2.7' ],
32 silly audit   'is-extglob': [ '2.1.1' ],
32 silly audit   'is-generator-function': [ '1.0.10' ],
32 silly audit   'is-glob': [ '4.0.3' ],
32 silly audit   'is-number': [ '7.0.0' ],
32 silly audit   'is-property': [ '1.0.2' ],
32 silly audit   'is-typed-array': [ '1.1.13' ],
32 silly audit   jmespath: [ '0.16.0' ],
32 silly audit   lodash: [ '4.17.21' ],
32 silly audit   long: [ '5.2.3' ],
32 silly audit   'lru-cache': [ '8.0.5', '7.18.3' ],
32 silly audit   'media-typer': [ '0.3.0' ],
32 silly audit   'merge-descriptors': [ '1.0.1' ],
32 silly audit   methods: [ '1.1.2' ],
32 silly audit   mime: [ '1.6.0' ],
32 silly audit   'mime-db': [ '1.52.0' ],
32 silly audit   'mime-types': [ '2.1.35' ],
32 silly audit   minimatch: [ '3.1.2' ],
32 silly audit   minimist: [ '1.2.8' ],
32 silly audit   mkdirp: [ '0.5.6' ],
32 silly audit   moment: [ '2.30.1' ],
32 silly audit   'moment-timezone': [ '0.5.45' ],
32 silly audit   multer: [ '1.4.5-lts.1' ],
32 silly audit   mysql2: [ '3.10.1' ],
32 silly audit   'named-placeholders': [ '1.1.3' ],
32 silly audit   negotiator: [ '0.6.3' ],
32 silly audit   nodemon: [ '3.1.4' ],
32 silly audit   'normalize-path': [ '3.0.0' ],
32 silly audit   'object-assign': [ '4.1.1' ],
32 silly audit   'object-inspect': [ '1.13.1' ],
32 silly audit   'on-finished': [ '2.4.1' ],
32 silly audit   once: [ '1.4.0' ],
32 silly audit   parseurl: [ '1.3.3' ],
32 silly audit   'path-is-absolute': [ '1.0.1' ],
32 silly audit   'path-to-regexp': [ '0.1.7' ],
32 silly audit   'pg-connection-string': [ '2.6.4' ],
32 silly audit   picomatch: [ '2.3.1' ],
32 silly audit   'possible-typed-array-names': [ '1.0.0' ],
32 silly audit   'process-nextick-args': [ '2.0.1' ],
32 silly audit   'proxy-addr': [ '2.0.7' ],
32 silly audit   'pstree.remy': [ '1.1.8' ],
32 silly audit   punycode: [ '1.3.2' ],
32 silly audit   qs: [ '6.11.0' ],
32 silly audit   querystring: [ '0.2.0' ],
32 silly audit   querystringify: [ '2.2.0' ],
32 silly audit   'range-parser': [ '1.2.1' ],
32 silly audit   'raw-body': [ '2.5.2' ],
32 silly audit   readdirp: [ '3.6.0' ],
32 silly audit   'reflect-metadata': [ '0.2.2' ],
32 silly audit   'requires-port': [ '1.0.0' ],
32 silly audit   'retry-as-promised': [ '7.0.4' ],
32 silly audit   'safer-buffer': [ '2.1.2' ],
32 silly audit   sax: [ '1.2.1' ],
32 silly audit   semver: [ '7.6.2' ],
32 silly audit   send: [ '0.18.0' ],
32 silly audit   'seq-queue': [ '0.0.5' ],
32 silly audit   sequelize: [ '6.37.3' ],
32 silly audit   'sequelize-pool': [ '7.1.0' ],
32 silly audit   'sequelize-typescript': [ '2.1.6' ],
32 silly audit   uuid: [ '8.3.2', '8.0.0' ],
32 silly audit   'serve-static': [ '1.15.0' ],
32 silly audit   'set-function-length': [ '1.2.2' ],
32 silly audit   setprototypeof: [ '1.2.0' ],
32 silly audit   'side-channel': [ '1.0.6' ],
32 silly audit   'simple-update-notifier': [ '2.0.0' ],
32 silly audit   sqlstring: [ '2.3.3' ],
32 silly audit   statuses: [ '2.0.1' ],
32 silly audit   streamsearch: [ '1.1.0' ],
32 silly audit   'supports-color': [ '5.5.0' ],
32 silly audit   'to-regex-range': [ '5.0.1' ],
32 silly audit   toidentifier: [ '1.0.1' ],
32 silly audit   'toposort-class': [ '1.0.1' ],
32 silly audit   touch: [ '3.1.1' ],
32 silly audit   'type-is': [ '1.6.18' ],
32 silly audit   typedarray: [ '0.0.6' ],
32 silly audit   typescript: [ '5.5.2' ],
32 silly audit   undefsafe: [ '2.0.5' ],
32 silly audit   'undici-types': [ '5.26.5' ],
32 silly audit   unpipe: [ '1.0.0' ],
32 silly audit   url: [ '0.10.3' ],
32 silly audit   'url-parse': [ '1.5.10' ],
32 silly audit   util: [ '0.12.5' ],
32 silly audit   'util-deprecate': [ '1.0.2' ],
32 silly audit   'utils-merge': [ '1.0.1' ],
32 silly audit   validator: [ '13.12.0' ],
32 silly audit   vary: [ '1.1.2' ],
32 silly audit   'which-typed-array': [ '1.1.15' ],
32 silly audit   wkx: [ '0.5.0' ],
32 silly audit   wrappy: [ '1.0.2' ],
32 silly audit   xml2js: [ '0.6.2' ],
32 silly audit   xmlbuilder: [ '11.0.1' ],
32 silly audit   xtend: [ '4.0.2' ]
32 silly audit }
33 verbose reify failed optional dependency C:\Users\andro\Documents\PROJECT-INTEGRADOR\SERVICE-EDUCATION\node_modules\fsevents
34 silly reify mark deleted [
34 silly reify   'C:\\Users\\andro\\Documents\\PROJECT-INTEGRADOR\\SERVICE-EDUCATION\\node_modules\\fsevents'
34 silly reify ]
35 http fetch POST 200 https://registry.npmjs.org/-/npm/v1/security/advisories/bulk 671ms
36 silly audit report {}
37 silly ADD
38 silly REMOVE node_modules/yn
39 silly REMOVE node_modules/v8-compile-cache-lib
40 silly REMOVE node_modules/ts-node
41 silly REMOVE node_modules/make-error
42 silly REMOVE node_modules/diff
43 silly REMOVE node_modules/create-require
44 silly REMOVE node_modules/arg
45 silly REMOVE node_modules/acorn-walk
46 silly REMOVE node_modules/acorn
47 silly REMOVE node_modules/@tsconfig/node16
48 silly REMOVE node_modules/@tsconfig/node14
49 silly REMOVE node_modules/@tsconfig/node12
50 silly REMOVE node_modules/@tsconfig/node10
51 silly REMOVE node_modules/@jridgewell/trace-mapping
52 silly REMOVE node_modules/@jridgewell/sourcemap-codec
53 silly REMOVE node_modules/@jridgewell/resolve-uri
54 silly REMOVE node_modules/@cspotcode/source-map-support
55 verbose exit 0
56 info ok
